Log file open, 01/08/18 15:50:08
LogWindows: Failed to load 'aqProf.dll' (GetLastError=126)
LogWindows: File 'aqProf.dll' does not exist
LogWindows: Failed to load 'VtuneApi.dll' (GetLastError=126)
LogWindows: File 'VtuneApi.dll' does not exist
LogWindows: Failed to load 'VtuneApi32e.dll' (GetLastError=126)
LogWindows: File 'VtuneApi32e.dll' does not exist
LogInit: Display: Running engine for game: Lightning
LogPlatformFile: Not using cached read wrapper
LogInit: Display: RandInit(-399740285) SRandInit(-399740285).
LogInit: Read version file with build ID '3709383'
LogInit: Overriding engine version to CL 3794801, compatible CL 3709383
LogInit: Registered custom module enumerator with build ID '3709383'
LogTaskGraph: Started task graph with 5 named threads and 14 total threads with 3 sets of task threads.
LogStats: Stats thread started at 0.164839
LogD3D11RHI: Aftermath initialized
LogModuleManager: Display: Found up-to-date module file ../../../Engine/Plugins/2D/Paper2D/Binaries/Win64/UE4Editor-Paper2D.dll (API version 3709383).
LogModuleManager: Display: Found up-to-date module file ../../../Engine/Plugins/2D/Paper2D/Binaries/Win64/UE4Editor-Paper2DEditor.dll (API version 3709383).
LogModuleManager: Display: Found up-to-date module file ../../../Engine/Plugins/2D/Paper2D/Binaries/Win64/UE4Editor-PaperSpriteSheetImporter.dll (API version 3709383).
LogModuleManager: Display: Found up-to-date module file ../../../Engine/Plugins/2D/Paper2D/Binaries/Win64/UE4Editor-PaperTiledImporter.dll (API version 3709383).
LogModuleManager: Display: Found up-to-date module file ../../../Engine/Plugins/2D/Paper2D/Binaries/Win64/UE4Editor-SmartSnapping.dll (API version 3709383).
LogModuleManager: Display: Found up-to-date module file ../../../Engine/Plugins/Blendables/LightPropagationVolume/Binaries/Win64/UE4Editor-LightPropagationVolumeRuntime.dll (API version 3709383).
LogModuleManager: Display: Found up-to-date module file ../../../Engine/Plugins/Blendables/LightPropagationVolume/Binaries/Win64/UE4Editor-LightPropagationVolumeEditor.dll (API version 3709383).
LogModuleManager: Display: Found up-to-date module file ../../../Engine/Plugins/Developer/GitSourceControl/Binaries/Win64/UE4Editor-GitSourceControl.dll (API version 3709383).
LogModuleManager: Display: Found up-to-date module file ../../../Engine/Plugins/Developer/PerforceSourceControl/Binaries/Win64/UE4Editor-PerforceSourceControl.dll (API version 3709383).
LogModuleManager: Display: Found up-to-date module file ../../../Engine/Plugins/Developer/SubversionSourceControl/Binaries/Win64/UE4Editor-SubversionSourceControl.dll (API version 3709383).
LogModuleManager: Display: Found up-to-date module file ../../../Engine/Plugins/Developer/UObjectPlugin/Binaries/Win64/UE4Editor-UObjectPlugin.dll (API version 3709383).
LogModuleManager: Display: Found up-to-date module file ../../../Engine/Plugins/Developer/VisualStudioCodeSourceCodeAccess/Binaries/Win64/UE4Editor-VisualStudioCodeSourceCodeAccess.dll (API version 3709383).
LogModuleManager: Display: Found up-to-date module file ../../../Engine/Plugins/Developer/VisualStudioSourceCodeAccess/Binaries/Win64/UE4Editor-VisualStudioSourceCodeAccess.dll (API version 3709383).
LogModuleManager: Display: Found up-to-date module file ../../../Engine/Plugins/Editor/AssetManagerEditor/Binaries/Win64/UE4Editor-AssetManagerEditor.dll (API version 3709383).
LogModuleManager: Display: Found up-to-date module file ../../../Engine/Plugins/Editor/AudioCapture/Binaries/Win64/UE4Editor-AudioCapture.dll (API version 3709383).
LogModuleManager: Display: Found up-to-date module file ../../../Engine/Plugins/Editor/FacialAnimation/Binaries/Win64/UE4Editor-FacialAnimation.dll (API version 3709383).
LogModuleManager: Display: Found up-to-date module file ../../../Engine/Plugins/Editor/FacialAnimation/Binaries/Win64/UE4Editor-FacialAnimationEditor.dll (API version 3709383).
LogModuleManager: Display: Found up-to-date module file ../../../Engine/Plugins/Editor/GameplayTagsEditor/Binaries/Win64/UE4Editor-GameplayTagsEditor.dll (API version 3709383).
LogModuleManager: Display: Found up-to-date module file ../../../Engine/Plugins/Editor/MobileLauncherProfileWizard/Binaries/Win64/UE4Editor-MobileLauncherProfileWizard.dll (API version 3709383).
LogModuleManager: Display: Found up-to-date module file ../../../Engine/Plugins/Editor/PluginBrowser/Binaries/Win64/UE4Editor-PluginBrowser.dll (API version 3709383).
LogModuleManager: Display: Found up-to-date module file ../../../Engine/Plugins/Editor/SpeedTreeImporter/Binaries/Win64/UE4Editor-SpeedTreeImporter.dll (API version 3709383).
LogModuleManager: Display: Found up-to-date module file ../../../Engine/Plugins/Experimental/AlembicImporter/Binaries/Win64/UE4Editor-AlembicImporter.dll (API version 3709383).
LogModuleManager: Display: Found up-to-date module file ../../../Engine/Plugins/Experimental/AlembicImporter/Binaries/Win64/UE4Editor-AlembicLibrary.dll (API version 3709383).
LogModuleManager: Display: Found up-to-date module file ../../../Engine/Plugins/Experimental/CharacterAI/Binaries/Win64/UE4Editor-CharacterAI.dll (API version 3709383).
LogModuleManager: Display: Found up-to-date module file ../../../Engine/Plugins/Experimental/HTML5Networking/Binaries/Win64/UE4Editor-HTML5Networking.dll (API version 3709383).
LogModuleManager: Display: Found up-to-date module file ../../../Engine/Plugins/Media/AndroidMedia/Binaries/Win64/UE4Editor-AndroidMediaEditor.dll (API version 3709383).
LogModuleManager: Display: Found up-to-date module file ../../../Engine/Plugins/Media/AndroidMedia/Binaries/Win64/UE4Editor-AndroidMediaFactory.dll (API version 3709383).
LogModuleManager: Display: Found up-to-date module file ../../../Engine/Plugins/Media/AvfMedia/Binaries/Win64/UE4Editor-AvfMediaEditor.dll (API version 3709383).
LogModuleManager: Display: Found up-to-date module file ../../../Engine/Plugins/Media/AvfMedia/Binaries/Win64/UE4Editor-AvfMediaFactory.dll (API version 3709383).
LogModuleManager: Display: Found up-to-date module file ../../../Engine/Plugins/Media/AvfMedia/Binaries/Win64/UE4Editor-AvfMediaFactory.dll (API version 3709383).
LogModuleManager: Display: Found up-to-date module file ../../../Engine/Plugins/Media/ImgMedia/Binaries/Win64/UE4Editor-ImgMedia.dll (API version 3709383).
LogModuleManager: Display: Found up-to-date module file ../../../Engine/Plugins/Media/ImgMedia/Binaries/Win64/UE4Editor-ImgMediaEditor.dll (API version 3709383).
LogModuleManager: Display: Found up-to-date module file ../../../Engine/Plugins/Media/ImgMedia/Binaries/Win64/UE4Editor-ImgMediaFactory.dll (API version 3709383).
LogModuleManager: Display: Found up-to-date module file ../../../Engine/Plugins/Media/ImgMedia/Binaries/Win64/UE4Editor-ImgMediaFactory.dll (API version 3709383).
LogModuleManager: Display: Found up-to-date module file ../../../Engine/Plugins/Media/ImgMedia/Binaries/Win64/UE4Editor-OpenExrWrapper.dll (API version 3709383).
LogModuleManager: Display: Found up-to-date module file ../../../Engine/Plugins/Media/MediaCompositing/Binaries/Win64/UE4Editor-MediaCompositing.dll (API version 3709383).
LogModuleManager: Display: Found up-to-date module file ../../../Engine/Plugins/Media/MediaCompositing/Binaries/Win64/UE4Editor-MediaCompositingEditor.dll (API version 3709383).
LogModuleManager: Display: Found up-to-date module file ../../../Engine/Plugins/Media/MediaPlayerEditor/Binaries/Win64/UE4Editor-MediaPlayerEditor.dll (API version 3709383).
LogModuleManager: Display: Found up-to-date module file ../../../Engine/Plugins/Media/WmfMedia/Binaries/Win64/UE4Editor-WmfMedia.dll (API version 3709383).
LogModuleManager: Display: Found up-to-date module file ../../../Engine/Plugins/Media/WmfMedia/Binaries/Win64/UE4Editor-WmfMediaEditor.dll (API version 3709383).
LogModuleManager: Display: Found up-to-date module file ../../../Engine/Plugins/Media/WmfMedia/Binaries/Win64/UE4Editor-WmfMediaFactory.dll (API version 3709383).
LogModuleManager: Display: Found up-to-date module file ../../../Engine/Plugins/Media/WmfMedia/Binaries/Win64/UE4Editor-WmfMediaFactory.dll (API version 3709383).
LogModuleManager: Display: Found up-to-date module file ../../../Engine/Plugins/Messaging/TcpMessaging/Binaries/Win64/UE4Editor-TcpMessaging.dll (API version 3709383).
LogModuleManager: Display: Found up-to-date module file ../../../Engine/Plugins/Messaging/UdpMessaging/Binaries/Win64/UE4Editor-UdpMessaging.dll (API version 3709383).
LogModuleManager: Display: Found up-to-date module file ../../../Engine/Plugins/MovieScene/ActorSequence/Binaries/Win64/UE4Editor-ActorSequence.dll (API version 3709383).
LogModuleManager: Display: Found up-to-date module file ../../../Engine/Plugins/MovieScene/LevelSequenceEditor/Binaries/Win64/UE4Editor-LevelSequenceEditor.dll (API version 3709383).
LogModuleManager: Display: Found up-to-date module file ../../../Engine/Plugins/MovieScene/MatineeToLevelSequence/Binaries/Win64/UE4Editor-MatineeToLevelSequence.dll (API version 3709383).
LogModuleManager: Display: Found up-to-date module file ../../../Engine/Plugins/Online/OnlineSubsystem/Binaries/Win64/UE4Editor-OnlineSubsystem.dll (API version 3709383).
LogModuleManager: Display: Found up-to-date module file ../../../Engine/Plugins/Runtime/AndroidPermission/Binaries/Win64/UE4Editor-AndroidPermission.dll (API version 3709383).
LogModuleManager: Display: Found up-to-date module file ../../../Engine/Plugins/Online/OnlineSubsystemNull/Binaries/Win64/UE4Editor-OnlineSubsystemNull.dll (API version 3709383).
LogModuleManager: Display: Found up-to-date module file ../../../Engine/Plugins/Online/OnlineSubsystemUtils/Binaries/Win64/UE4Editor-OnlineSubsystemUtils.dll (API version 3709383).
LogModuleManager: Display: Found up-to-date module file ../../../Engine/Plugins/Online/OnlineSubsystemUtils/Binaries/Win64/UE4Editor-OnlineBlueprintSupport.dll (API version 3709383).
LogModuleManager: Display: Found up-to-date module file ../../../Engine/Plugins/Runtime/AndroidDeviceProfileSelector/Binaries/Win64/UE4Editor-AndroidDeviceProfileSelector.dll (API version 3709383).
LogModuleManager: Display: Found up-to-date module file ../../../Engine/Plugins/Runtime/AppleARKit/Binaries/Win64/UE4Editor-AppleARKit.dll (API version 3709383).
LogModuleManager: Display: Found up-to-date module file ../../../Engine/Plugins/Runtime/ArchVisCharacter/Binaries/Win64/UE4Editor-ArchVisCharacter.dll (API version 3709383).
LogModuleManager: Display: Found up-to-date module file ../../../Engine/Plugins/Runtime/CableComponent/Binaries/Win64/UE4Editor-CableComponent.dll (API version 3709383).
LogModuleManager: Display: Found up-to-date module file ../../../Engine/Plugins/Runtime/CustomMeshComponent/Binaries/Win64/UE4Editor-CustomMeshComponent.dll (API version 3709383).
LogModuleManager: Display: Found up-to-date module file ../../../Engine/Plugins/Runtime/ExampleDeviceProfileSelector/Binaries/Win64/UE4Editor-ExampleDeviceProfileSelector.dll (API version 3709383).
LogModuleManager: Display: Found up-to-date module file ../../../Engine/Plugins/Runtime/ImmediatePhysics/Binaries/Win64/UE4Editor-ImmediatePhysics.dll (API version 3709383).
LogModuleManager: Display: Found up-to-date module file ../../../Engine/Plugins/Runtime/ImmediatePhysics/Binaries/Win64/UE4Editor-ImmediatePhysicsEditor.dll (API version 3709383).
LogModuleManager: Display: Found up-to-date module file ../../../Engine/Plugins/Runtime/LocationServicesBPLibrary/Binaries/Win64/UE4Editor-LocationServicesBPLibrary.dll (API version 3709383).
LogModuleManager: Display: Found up-to-date module file ../../../Engine/Plugins/Runtime/MobilePatchingUtils/Binaries/Win64/UE4Editor-MobilePatchingUtils.dll (API version 3709383).
LogModuleManager: Display: Found up-to-date module file ../../../Engine/Plugins/Runtime/Oculus/OculusVR/Binaries/Win64/UE4Editor-OculusHMD.dll (API version 3709383).
LogModuleManager: Display: Found up-to-date module file ../../../Engine/Plugins/Runtime/Oculus/OculusVR/Binaries/Win64/UE4Editor-OculusInput.dll (API version 3709383).
LogModuleManager: Display: Found up-to-date module file ../../../Engine/Plugins/Runtime/Oculus/OculusVR/Binaries/Win64/UE4Editor-OculusEditor.dll (API version 3709383).
LogModuleManager: Display: Found up-to-date module file ../../../Engine/Plugins/Runtime/PhysXVehicles/Binaries/Win64/UE4Editor-PhysXVehicles.dll (API version 3709383).
LogModuleManager: Display: Found up-to-date module file ../../../Engine/Plugins/Runtime/PhysXVehicles/Binaries/Win64/UE4Editor-PhysXVehiclesEditor.dll (API version 3709383).
LogModuleManager: Display: Found up-to-date module file ../../../Engine/Plugins/Runtime/ProceduralMeshComponent/Binaries/Win64/UE4Editor-ProceduralMeshComponent.dll (API version 3709383).
LogModuleManager: Display: Found up-to-date module file ../../../Engine/Plugins/Runtime/ProceduralMeshComponent/Binaries/Win64/UE4Editor-ProceduralMeshComponentEditor.dll (API version 3709383).
LogModuleManager: Display: Found up-to-date module file ../../../Engine/Plugins/Runtime/RuntimePhysXCooking/Binaries/Win64/UE4Editor-RuntimePhysXCooking.dll (API version 3709383).
LogModuleManager: Display: Found up-to-date module file ../../../Engine/Plugins/Runtime/Steam/SteamVR/Binaries/Win64/UE4Editor-SteamVR.dll (API version 3709383).
LogModuleManager: Display: Found up-to-date module file ../../../Engine/Plugins/Runtime/Steam/SteamVR/Binaries/Win64/UE4Editor-SteamVRController.dll (API version 3709383).
LogModuleManager: Display: Found up-to-date module file ../../../Engine/Plugins/Runtime/WindowsMoviePlayer/Binaries/Win64/UE4Editor-WindowsMoviePlayer.dll (API version 3709383).
LogPluginManager: Mounting plugin Paper2D
LogPluginManager: Mounting plugin LightPropagationVolume
LogPluginManager: Mounting plugin CodeLiteSourceCodeAccess
LogPluginManager: Mounting plugin GitSourceControl
LogPluginManager: Mounting plugin KDevelopSourceCodeAccess
LogPluginManager: Mounting plugin NullSourceCodeAccess
LogPluginManager: Mounting plugin PerforceSourceControl
LogPluginManager: Mounting plugin SubversionSourceControl
LogPluginManager: Mounting plugin UObjectPlugin
LogPluginManager: Mounting plugin VisualStudioCodeSourceCodeAccess
LogPluginManager: Mounting plugin VisualStudioSourceCodeAccess
LogPluginManager: Mounting plugin XCodeSourceCodeAccess
LogPluginManager: Mounting plugin AssetManagerEditor
LogPluginManager: Mounting plugin AudioCapture
LogPluginManager: Mounting plugin FacialAnimation
LogPluginManager: Mounting plugin GameplayTagsEditor
LogPluginManager: Mounting plugin MobileLauncherProfileWizard
LogPluginManager: Mounting plugin PluginBrowser
LogPluginManager: Mounting plugin SpeedTreeImporter
LogPluginManager: Mounting plugin AlembicImporter
LogPluginManager: Mounting plugin CharacterAI
LogPluginManager: Mounting plugin HTML5Networking
LogPluginManager: Mounting plugin AndroidMedia
LogPluginManager: Mounting plugin AvfMedia
LogPluginManager: Mounting plugin ImgMedia
LogPluginManager: Mounting plugin MediaCompositing
LogPluginManager: Mounting plugin MediaPlayerEditor
LogPluginManager: Mounting plugin WmfMedia
LogPluginManager: Mounting plugin TcpMessaging
LogPluginManager: Mounting plugin UdpMessaging
LogPluginManager: Mounting plugin ActorSequence
LogPluginManager: Mounting plugin LevelSequenceEditor
LogPluginManager: Mounting plugin MatineeToLevelSequence
LogPluginManager: Mounting plugin OnlineSubsystemGooglePlay
LogPluginManager: Mounting plugin OnlineSubsystemIOS
LogPluginManager: Mounting plugin OnlineSubsystem
LogPluginManager: Mounting plugin OnlineSubsystemNull
LogPluginManager: Mounting plugin OnlineSubsystemUtils
LogPluginManager: Mounting plugin AndroidDeviceProfileSelector
LogPluginManager: Mounting plugin AndroidMoviePlayer
LogPluginManager: Mounting plugin AndroidPermission
LogPluginManager: Mounting plugin AppleARKit
LogPluginManager: Mounting plugin AppleMoviePlayer
LogPluginManager: Mounting plugin ArchVisCharacter
LogPluginManager: Mounting plugin CableComponent
LogPluginManager: Mounting plugin CustomMeshComponent
LogPluginManager: Mounting plugin ExampleDeviceProfileSelector
LogPluginManager: Mounting plugin GoogleCloudMessaging
LogPluginManager: Mounting plugin ImmediatePhysics
LogPluginManager: Mounting plugin IOSDeviceProfileSelector
LogPluginManager: Mounting plugin LinuxDeviceProfileSelector
LogPluginManager: Mounting plugin LocationServicesBPLibrary
LogPluginManager: Mounting plugin MobilePatchingUtils
LogPluginManager: Mounting plugin OculusVR
LogPluginManager: Plugin shader directory ../../../Engine/Plugins/Runtime/Oculus/OculusVR/Shaders found
LogPluginManager: Mapping shader source directory ../../../Engine/Plugins/Runtime/Oculus/OculusVR/Shaders to virtual directory /Plugin/OculusVR
LogPluginManager: Mounting plugin PhysXVehicles
LogPluginManager: Mounting plugin ProceduralMeshComponent
LogPluginManager: Mounting plugin RuntimePhysXCooking
LogPluginManager: Mounting plugin SteamVR
LogPluginManager: Mounting plugin WindowsMoviePlayer
LogInit: Using libcurl 7.47.1
LogInit:  - built for x86_64-pc-win32
LogInit:  - supports SSL with OpenSSL/1.0.2g
LogInit:  - supports HTTP deflate (compression) using libz 1.2.8
LogInit:  - other features:
LogInit:      CURL_VERSION_SSL
LogInit:      CURL_VERSION_LIBZ
LogInit:      CURL_VERSION_IPV6
LogInit:      CURL_VERSION_ASYNCHDNS
LogInit:      CURL_VERSION_LARGEFILE
LogInit:      CURL_VERSION_IDN
LogInit:  CurlRequestOptions (configurable via config and command line):
LogInit:  - bVerifyPeer = false  - Libcurl will NOT verify peer certificate
LogInit:  - bUseHttpProxy = false  - Libcurl will NOT use HTTP proxy
LogInit:  - bDontReuseConnections = false  - Libcurl will reuse connections
LogInit:  - CertBundlePath = nullptr  - Libcurl will use whatever was configured at build time.
LogInit: Build: ++UE4+Release-4.18-CL-3794801
LogInit: Engine Version: 4.18.2-3794801+++UE4+Release-4.18
LogInit: Compatible Engine Version: 4.18.0-3709383+++UE4+Release-4.18
LogInit: Net CL: 3709383
LogDevObjectVersion: Number of dev versions registered: 16
LogDevObjectVersion:   Dev-Blueprints (B0D832E4-1F89-4F0D-ACCF-7EB736FD4AA2): 10
LogDevObjectVersion:   Dev-Build (E1C64328-A22C-4D53-A36C-8E866417BD8C): 0
LogDevObjectVersion:   Dev-Core (375EC13C-06E4-48FB-B500-84F0262A717E): 2
LogDevObjectVersion:   Dev-Editor (E4B068ED-F494-42E9-A231-DA0B2E46BB41): 20
LogDevObjectVersion:   Dev-Framework (CFFC743F-43B0-4480-9391-14DF171D2073): 30
LogDevObjectVersion:   Dev-Mobile (B02B49B5-BB20-44E9-A304-32B752E40360): 0
LogDevObjectVersion:   Dev-Networking (A4E4105C-59A1-49B5-A7C5-40C4547EDFEE): 0
LogDevObjectVersion:   Dev-Online (39C831C9-5AE6-47DC-9A44-9C173E1C8E7C): 0
LogDevObjectVersion:   Dev-Physics (78F01B33-EBEA-4F98-B9B4-84EACCB95AA2): 0
LogDevObjectVersion:   Dev-Platform (6631380F-2D4D-43E0-8009-CF276956A95A): 0
LogDevObjectVersion:   Dev-Rendering (12F88B9F-8875-4AFC-A67C-D90C383ABD29): 20
LogDevObjectVersion:   Dev-Sequencer (7B5AE74C-D270-4C10-A958-57980B212A5A): 4
LogDevObjectVersion:   Dev-VR (D7296918-1DD6-4BDD-9DE2-64A83CC13884): 0
LogDevObjectVersion:   Dev-LoadTimes (C2A15278-BFE7-4AFE-6C17-90FF531DF755): 1
LogDevObjectVersion:   Private-Geometry (6EACA3D4-40EC-4CC1-B786-8BED09428FC5): 1
LogDevObjectVersion:   Dev-AnimPhys (29E575DD-E0A3-4627-9D10-D276232CDCEA): 12
LogInit: Compiled (64-bit): Dec  8 2017 02:04:53
LogInit: Compiled with Visual C++: 19.00.24215.01
LogInit: Build Configuration: Development
LogInit: Branch Name: ++UE4+Release-4.18
LogInit: Command line: -EpicPortal 
LogInit: Base directory: D:/Program Files/Epic Games/UE_4.18/Engine/Binaries/Win64/
LogInit: Installed Engine Build: 1
LogInit: Presizing for max 8388607 objects, including 0 objects not considered by GC, pre-allocating 0 bytes for permanent pool.
LogInit: Object subsystem initialized
[2018.01.08-14.50.09:961][  0]LogInit: Selected Device Profile: [Windows]
[2018.01.08-14.50.09:961][  0]LogInit: Applying CVar settings loaded from the selected device profile: [Windows]
[2018.01.08-14.50.09:983][  0]LogInit: Computer: PCDECLEMENT
[2018.01.08-14.50.09:983][  0]LogInit: User: Clement
[2018.01.08-14.50.09:983][  0]LogInit: CPU Page size=4096, Cores=4
[2018.01.08-14.50.09:983][  0]LogInit: High frequency timer resolution =3.312851 MHz
[2018.01.08-14.50.09:984][  0]LogMemory: Memory total: Physical=15.9GB (16GB approx)
[2018.01.08-14.50.09:984][  0]LogMemory: Platform Memory Stats for Windows
[2018.01.08-14.50.09:984][  0]LogMemory: Process Physical Memory: 273.20 MB used, 273.20 MB peak
[2018.01.08-14.50.09:984][  0]LogMemory: Process Virtual Memory: 265.88 MB used, 265.88 MB peak
[2018.01.08-14.50.09:984][  0]LogMemory: Physical Memory: 4669.79 MB used,  11654.05 MB free, 16323.83 MB total
[2018.01.08-14.50.09:984][  0]LogMemory: Virtual Memory: 622.34 MB used,  11654.05 MB free, 8388608.00 MB total
[2018.01.08-14.50.10:124][  0]LogInit: Using OS detected language (fr-FR).
[2018.01.08-14.50.10:124][  0]LogInit: Using OS detected locale (fr-FR).
[2018.01.08-14.50.10:127][  0]LogTextLocalizationManager: No localization for 'fr-FR' exists, so 'en' will be used for the language.
[2018.01.08-14.50.10:128][  0]LogTextLocalizationManager: No localization for 'fr-FR' exists, so 'en' will be used for the locale.
[2018.01.08-14.50.10:512][  0]LogWindows: Failed to load 'shcore.dll' (GetLastError=126)
[2018.01.08-14.50.10:512][  0]LogWindows: File 'shcore.dll' does not exist
[2018.01.08-14.50.10:512][  0]LogInit: Setting process to DPI aware
[2018.01.08-14.50.10:515][  0]LogWindows: Failed to load 'shcore.dll' (GetLastError=126)
[2018.01.08-14.50.10:515][  0]LogWindows: File 'shcore.dll' does not exist
[2018.01.08-14.50.10:515][  0]LogInit: Setting process to DPI aware
[2018.01.08-14.50.10:766][  0]LogD3D11RHI: D3D11 adapters:
[2018.01.08-14.50.10:775][  0]LogD3D11RHI:    0. 'AMD Radeon HD 7900 Series' (Feature Level 11_0)
[2018.01.08-14.50.10:775][  0]LogD3D11RHI:       3050/0/3840 MB DedicatedVideo/DedicatedSystem/SharedSystem, Outputs:1, VendorId:0x1002
[2018.01.08-14.50.10:775][  0]LogD3D11RHI: Chosen D3D11 Adapter: 0
[2018.01.08-14.50.10:779][  0]LogD3D11RHI: Creating new Direct3DDevice
[2018.01.08-14.50.10:779][  0]LogD3D11RHI:     GPU DeviceId: 0x679a (for the marketing name, search the web for "GPU Device Id")
[2018.01.08-14.50.10:779][  0]LogWindows: EnumDisplayDevices:
[2018.01.08-14.50.10:779][  0]LogWindows:    0. 'AMD Radeon HD 7900 Series' (P:1 D:1)
[2018.01.08-14.50.10:779][  0]LogWindows:    1. 'AMD Radeon HD 7900 Series' (P:0 D:0)
[2018.01.08-14.50.10:780][  0]LogWindows:    2. 'AMD Radeon HD 7900 Series' (P:0 D:0)
[2018.01.08-14.50.10:780][  0]LogWindows:    3. 'AMD Radeon HD 7900 Series' (P:0 D:0)
[2018.01.08-14.50.10:780][  0]LogWindows:    4. 'AMD Radeon HD 7900 Series' (P:0 D:0)
[2018.01.08-14.50.10:781][  0]LogWindows:    5. 'AMD Radeon HD 7900 Series' (P:0 D:0)
[2018.01.08-14.50.10:781][  0]LogWindows:    6. 'RDPDD Chained DD' (P:0 D:0)
[2018.01.08-14.50.10:781][  0]LogWindows:    7. 'RDP Encoder Mirror Driver' (P:0 D:0)
[2018.01.08-14.50.10:781][  0]LogWindows:    8. 'RDP Reflector Display Driver' (P:0 D:0)
[2018.01.08-14.50.10:781][  0]LogWindows: DebugString: GetVideoDriverDetailsInvalid PrimaryIsNotTheChoosenAdapter GetVideoDriverDetailsInvalid PrimaryIsNotTheChoosenAdapter GetVideoDriverDetailsInvalid PrimaryIsNotTheChoosenAdapter FoundDriverCount:6 
[2018.01.08-14.50.10:781][  0]LogD3D11RHI:     Adapter Name: AMD Radeon HD 7900 Series
[2018.01.08-14.50.10:781][  0]LogD3D11RHI:   Driver Version: Crimson 16.9.2 (internal:21.19.137.1, unified:21.19.137.1)
[2018.01.08-14.50.10:781][  0]LogD3D11RHI:      Driver Date: 9-16-2016
[2018.01.08-14.50.10:781][  0]LogRHI: Texture pool is 2135 MB (70% of 3050 MB)
[2018.01.08-14.50.10:814][  0]LogD3D11RHI: Async texture creation enabled
[2018.01.08-14.50.10:823][  0]LogD3D11RHI: GPU Timing Frequency: 27.000000 (Debug: 2 1)
[2018.01.08-14.50.10:824][  0]LogShaderCompilers: Guid format shader working directory is -19 characters bigger than the processId version (C:/Users/Clement/Documents/Unreal Projects/Lightning_Project-master/Intermediate/Shaders/WorkingDirectory/7000/).
[2018.01.08-14.50.10:824][  0]LogShaderCompilers: Cleaned the shader compiler working directory 'C:/Users/Clement/AppData/Local/Temp/UnrealShaderWorkingDir/0A2EB7A24F2F52491627559608463EB3/'.
[2018.01.08-14.50.10:824][  0]LogShaderCompilers: Display: Using Local Shader Compiler.
[2018.01.08-14.50.11:731][  0]LogTemp: Display: Loaded TP AllDesktopTargetPlatform
[2018.01.08-14.50.11:780][  0]LogTemp: Display: Loaded TP MacClientTargetPlatform
[2018.01.08-14.50.11:831][  0]LogTemp: Display: Loaded TP MacNoEditorTargetPlatform
[2018.01.08-14.50.11:881][  0]LogTemp: Display: Loaded TP MacServerTargetPlatform
[2018.01.08-14.50.11:932][  0]LogTemp: Display: Loaded TP MacTargetPlatform
[2018.01.08-14.50.11:982][  0]LogTemp: Display: Loaded TP WindowsClientTargetPlatform
[2018.01.08-14.50.12:032][  0]LogTemp: Display: Loaded TP WindowsNoEditorTargetPlatform
[2018.01.08-14.50.12:082][  0]LogTemp: Display: Loaded TP WindowsServerTargetPlatform
[2018.01.08-14.50.12:125][  0]LogTemp: Display: Loaded TP WindowsTargetPlatform
[2018.01.08-14.50.12:173][  0]LogTemp: Display: Loaded TP Android_ASTCTargetPlatform
[2018.01.08-14.50.12:223][  0]LogTemp: Display: Loaded TP Android_ATCTargetPlatform
[2018.01.08-14.50.12:272][  0]LogTemp: Display: Loaded TP Android_DXTTargetPlatform
[2018.01.08-14.50.12:321][  0]LogTemp: Display: Loaded TP Android_ETC1TargetPlatform
[2018.01.08-14.50.12:370][  0]LogTemp: Display: Loaded TP Android_ETC2TargetPlatform
[2018.01.08-14.50.12:469][  0]LogTemp: Display: Loaded TP Android_MultiTargetPlatform
[2018.01.08-14.50.12:469][  0]LogTemp: Display: Loaded TP Android_PVRTCTargetPlatform
[2018.01.08-14.50.12:519][  0]LogTemp: Display: Loaded TP AndroidTargetPlatform
[2018.01.08-14.50.12:556][  0]LogTemp: Display: Loaded TP HTML5TargetPlatform
[2018.01.08-14.50.12:638][  0]LogTemp: Display: Loaded TP IOSTargetPlatform
[2018.01.08-14.50.12:662][  0]LogTemp: Display: Loaded TP TVOSTargetPlatform
[2018.01.08-14.50.12:711][  0]LogTemp: Display: Loaded TP LinuxClientTargetPlatform
[2018.01.08-14.50.12:760][  0]LogTemp: Display: Loaded TP LinuxNoEditorTargetPlatform
[2018.01.08-14.50.12:808][  0]LogTemp: Display: Loaded TP LinuxServerTargetPlatform
[2018.01.08-14.50.12:857][  0]LogTemp: Display: Loaded TP LinuxTargetPlatform
[2018.01.08-14.50.12:857][  0]LogTargetPlatformManager: Display: Building Assets For Windows
[2018.01.08-14.50.13:249][  0]LogDerivedDataCache: Display: Max Cache Size: 512 MB
[2018.01.08-14.50.13:318][  0]LogDerivedDataCache: Loaded boot cache 0.07s 78MB C:/Users/Clement/AppData/Local/UnrealEngine/4.18/DerivedDataCache/Boot.ddc.
[2018.01.08-14.50.13:318][  0]LogDerivedDataCache: Display: Loaded Boot cache: C:/Users/Clement/AppData/Local/UnrealEngine/4.18/DerivedDataCache/Boot.ddc
[2018.01.08-14.50.13:318][  0]LogDerivedDataCache: FDerivedDataBackendGraph:  Pak pak cache file C:/Users/Clement/Documents/Unreal Projects/Lightning_Project-master/DerivedDataCache/DDC.ddp not found, will not use a pak cache.
[2018.01.08-14.50.13:318][  0]LogDerivedDataCache: Unable to find inner node Pak for hierarchical cache Hierarchy.
[2018.01.08-14.50.13:318][  0]LogDerivedDataCache: FDerivedDataBackendGraph:  CompressedPak pak cache file C:/Users/Clement/Documents/Unreal Projects/Lightning_Project-master/DerivedDataCache/Compressed.ddp not found, will not use a pak cache.
[2018.01.08-14.50.13:318][  0]LogDerivedDataCache: Unable to find inner node CompressedPak for hierarchical cache Hierarchy.
[2018.01.08-14.50.13:336][  0]LogDerivedDataCache: Display: Pak cache opened for reading ../../../Engine/DerivedDataCache/Compressed.ddp.
[2018.01.08-14.50.13:348][  0]LogDerivedDataCache: Using Local data cache path C:/Users/Clement/AppData/Local/UnrealEngine/Common/DerivedDataCache: Writable
[2018.01.08-14.50.13:359][  0]LogMaterial: Verifying Global Shaders for PCD3D_SM5
[2018.01.08-14.50.13:359][  0]LogSlate: Using Freetype 2.6.0
[2018.01.08-14.50.13:359][  0]LogSlate: SlateFontCache - WITH_FREETYPE: 1, WITH_HARFBUZZ: 1
[2018.01.08-14.50.13:360][  0]LogSlate: SlateFontCache - WITH_FREETYPE: 1, WITH_HARFBUZZ: 1
[2018.01.08-14.50.13:782][  0]LogInit: Selected Device Profile: [Windows]
[2018.01.08-14.50.14:099][  0]LogSimplygon: Simplygon DLL not present - disabling.
[2018.01.08-14.50.14:137][  0]LogMeshReduction: Using SimplygonSwarm for distributed automatic mesh merging
[2018.01.08-14.50.14:137][  0]LogMeshReduction: Using QuadricMeshReduction for automatic static mesh reduction
[2018.01.08-14.50.14:137][  0]LogMeshReduction: No automatic skeletal mesh reduction module available
[2018.01.08-14.50.14:137][  0]LogMeshReduction: No automatic mesh merging module available
[2018.01.08-14.50.14:137][  0]LogMeshMerging: No automatic mesh merging module available
[2018.01.08-14.50.14:169][  0]LogNetVersion: Lightning , NetCL: 3709383, EngineNetVer: 2, GameNetVer: 0 (Checksum: 3431807567)
[2018.01.08-14.50.14:329][  0]LogAssetRegistry: FAssetRegistry took 0.0252 seconds to start up
[2018.01.08-14.50.14:811][  0]LogPackageLocalizationCache: Processed 7 localized package path(s) for 1 prioritized culture(s) in 0.024975 seconds
[2018.01.08-14.50.14:816][  0]LogUObjectArray: 35900 objects as part of root set at end of initial load.
[2018.01.08-14.50.14:816][  0]LogUObjectAllocator: 7372024 out of 0 bytes used by permanent object pool.
[2018.01.08-14.50.14:816][  0]LogUObjectArray: CloseDisregardForGC: 0/0 objects in disregard for GC pool
[2018.01.08-14.50.14:856][  0]LogInit: WinSock: version 1.1 (2.2), MaxSocks=32767, MaxUdp=65467
[2018.01.08-14.50.17:452][  0]LogTcpMessaging: Initializing TcpMessaging bridge
[2018.01.08-14.50.17:493][  0]LogUdpMessaging: Initializing bridge on interface 0.0.0.0:0 to multicast group 230.0.0.1:6666.
[2018.01.08-14.50.18:154][  0]LogMaterial: Uniform references updated for custom material expression Custom.
[2018.01.08-14.50.18:574][  0]SourceControl: Source control is disabled
[2018.01.08-14.50.18:574][  0]SourceControl: Source control is disabled
[2018.01.08-14.50.18:628][  0]SourceControl: Source control is disabled
[2018.01.08-14.50.18:679][  0]SourceControl: Source control is disabled
[2018.01.08-14.50.19:471][  0]LogAndroidPermission: UAndroidPermissionCallbackProxy::GetInstance
[2018.01.08-14.50.19:739][  0]LogOcInput: OculusInput pre-init called
[2018.01.08-14.50.20:014][  0]LogEngine: Initializing Engine...
[2018.01.08-14.50.20:017][  0]LogHMD: Failed to initialize OpenVR with code 110
[2018.01.08-14.50.20:237][  0]LogStats: UGameplayTagsManager::ConstructGameplayTagTree: Construct from data asset -  0.000 s
[2018.01.08-14.50.20:237][  0]LogStats: UGameplayTagsManager::ConstructGameplayTagTree: GameplayTagTreeChangedEvent.Broadcast -  0.000 s
[2018.01.08-14.50.20:353][  0]LogAIModule: Creating AISystem for world Untitled
[2018.01.08-14.50.20:369][  0]LogInit: XAudio2 using 'Haut-parleurs (Périphérique High Definition Audio)' : 2 channels at 44.1 kHz using 16 bits per sample (channel mask 0x3)
[2018.01.08-14.50.20:379][  0]LogInit: FAudioDevice initialized.
[2018.01.08-14.50.20:784][  0]LogDerivedDataCache: Saved boot cache 0.40s 78MB C:/Users/Clement/AppData/Local/UnrealEngine/4.18/DerivedDataCache/Boot.ddc.
[2018.01.08-14.50.20:799][  0]LogInit: Texture streaming: Enabled
[2018.01.08-14.50.20:886][  0]LogEngineSessionManager: EngineSessionManager initialized
[2018.01.08-14.50.21:001][  0]LogInit: Transaction tracking system initialized
[2018.01.08-14.50.21:283][  0]BlueprintLog: New page: Editor Load
[2018.01.08-14.50.22:067][  0]LocalizationService: Localization service is disabled
[2018.01.08-14.50.22:738][  0]LogConsoleResponse: Display: 
[2018.01.08-14.50.22:939][  0]LogCook: Display: Max memory allowance for cook 16384mb min free memory 0mb
[2018.01.08-14.50.22:939][  0]LogCook: Display: Mobile HDR setting 1
[2018.01.08-14.50.22:939][  0]LogGameplayTags: Display: UGameplayTagsManager::DoneAddingNativeTags. DelegateIsBound: 0
[2018.01.08-14.50.23:168][  0]LogFileCache: Scanning file cache for directory 'C:/Users/Clement/Documents/Unreal Projects/Lightning_Project-master/Content/' took 0.02s
[2018.01.08-14.50.24:065][  0]SourceControl: Source control is disabled
[2018.01.08-14.50.24:065][  0]Cmd: MAP LOAD FILE="C:/Users/Clement/Documents/Unreal Projects/Lightning_Project-master/Content/Maps/FirstMap.umap" TEMPLATE=0 SHOWPROGRESS=1 FEATURELEVEL=3
[2018.01.08-14.50.24:065][  0]LightingResults: New page: Lighting Build
[2018.01.08-14.50.24:103][  0]MapCheck: New page: Map Check
[2018.01.08-14.50.24:103][  0]LightingResults: New page: Lighting Build
[2018.01.08-14.50.24:787][  0]LogAIModule: Creating AISystem for world FirstMap
[2018.01.08-14.50.24:845][  0]LogStreaming: Display: ULevelStreaming::RequestLevel(/Game/Maps/m1) is flushing async loading
[2018.01.08-14.50.25:178][  0]LogStreaming: Display: ULevelStreaming::RequestLevel(/Game/Maps/m2) is flushing async loading
[2018.01.08-14.50.25:746][  0]LogStreaming: Display: ULevelStreaming::RequestLevel(/Game/Maps/m3) is flushing async loading
[2018.01.08-14.50.26:200][  0]LogMaterial: Missing cached shader map for material 07_-_Default, compiling. 
[2018.01.08-14.50.26:218][  0]LogMaterial: Warning: C:\Users\Clement\Documents\Unreal Projects\Lightning_Project-master\Content\Assets\SandRoom\07_-_Default.uasset: Failed to compile Material for platform PCD3D_SM5, Default Material will be used in game.
[2018.01.08-14.50.26:218][  0]LogMaterial: 	(Node TextureSample) Texture Sample> Missing input texture
[2018.01.08-14.50.26:288][  0]LogStreaming: Display: ULevelStreaming::RequestLevel(/Game/Maps/m4) is flushing async loading
[2018.01.08-14.50.26:582][  0]LogStreaming: Display: ULevelStreaming::RequestLevel(/Game/Maps/m5) is flushing async loading
[2018.01.08-14.50.26:661][  0]LogStreaming: Display: ULevelStreaming::RequestLevel(/Game/Maps/m6) is flushing async loading
[2018.01.08-14.50.26:777][  0]LogStreaming: Display: ULevelStreaming::RequestLevel(/Game/Maps/m7) is flushing async loading
[2018.01.08-14.50.26:887][  0]LogStreaming: Display: ULevelStreaming::RequestLevel(/Game/Maps/m8) is flushing async loading
[2018.01.08-14.50.28:125][  0]LogStreaming: Display: ULevelStreaming::RequestLevel(/Game/Maps/m9) is flushing async loading
[2018.01.08-14.50.28:259][  0]LogEditorServer: Finished looking for orphan Actors (0.000 secs)
[2018.01.08-14.50.28:288][  0]Cmd: MAP CHECKDEP NOCLEARLOG
[2018.01.08-14.50.28:372][  0]MapCheck: Map check complete: 0 Error(s), 0 Warning(s), took 83.782ms to complete.
[2018.01.08-14.50.28:372][  0]LogFileHelpers: Loading map 'FirstMap' took 4.306
[2018.01.08-14.50.29:050][  0]LogCollectionManager: Loaded 0 collections in 0.003655 seconds
[2018.01.08-14.50.29:249][  0]LogFileCache: Scanning file cache for directory 'C:/Users/Clement/Documents/Unreal Projects/Lightning_Project-master/Saved/Collections/' took 0.01s
[2018.01.08-14.50.29:249][  0]LogFileCache: Scanning file cache for directory 'C:/Users/Clement/Documents/Unreal Projects/Lightning_Project-master/Content/Developers/Clement/Collections/' took 0.01s
[2018.01.08-14.50.29:249][  0]LogFileCache: Scanning file cache for directory 'C:/Users/Clement/Documents/Unreal Projects/Lightning_Project-master/Content/Collections/' took 0.01s
[2018.01.08-14.50.29:249][  0]LogCollectionManager: Rebuilt the GUID cache for 0 collections in 0.000001 seconds
[2018.01.08-14.50.29:290][  0]LogContentBrowser: Native class hierarchy populated in 0.0200 seconds. Added 2363 classes and 519 folders.
[2018.01.08-14.50.29:442][  0]LogContentBrowser: Native class hierarchy updated for 'WidgetCarousel' in 0.0003 seconds. Added 0 classes and 0 folders.
[2018.01.08-14.50.30:775][  0]LogContentBrowser: Native class hierarchy updated for 'AddContentDialog' in 0.0004 seconds. Added 0 classes and 0 folders.
[2018.01.08-14.50.30:917][  0]LogContentBrowser: Native class hierarchy updated for 'SceneOutliner' in 0.0004 seconds. Added 1 classes and 2 folders.
[2018.01.08-14.50.31:059][  0]LogContentBrowser: Native class hierarchy updated for 'WorldBrowser' in 0.0005 seconds. Added 2 classes and 3 folders.
[2018.01.08-14.50.31:607][  0]LogSlate: Took 0.000375 seconds to synchronously load lazily loaded font '../../../Engine/Content/Slate/Fonts/Roboto-Regular.ttf' (155K)
[2018.01.08-14.50.31:628][  0]LogSlate: Took 0.000440 seconds to synchronously load lazily loaded font '../../../Engine/Content/Slate/Fonts/Roboto-Bold.ttf' (160K)
[2018.01.08-14.50.31:691][  0]LogSlate: Took 0.022647 seconds to synchronously load lazily loaded font '../../../Engine/Content/Editor/Slate/Fonts/FontAwesome.ttf' (139K)
[2018.01.08-14.50.32:199][  0]LogRenderer: Reallocating scene render targets to support 1024x1024 Format 10 NumSamples 1 (Frame:1).
[2018.01.08-14.50.32:291][  0]LogRenderer: Reallocating scene render targets to support 1208x1024 Format 10 NumSamples 1 (Frame:1).
[2018.01.08-14.50.32:671][  0]LogContentBrowser: Native class hierarchy updated for 'HierarchicalLODOutliner' in 0.0003 seconds. Added 1 classes and 2 folders.
[2018.01.08-14.50.32:671][  0]LogLoad: (Engine Initialization) Total time: 25.16 seconds
[2018.01.08-14.50.32:671][  0]LogLoad: (Engine Initialization) Total Blueprint compile time: 0.00 seconds
[2018.01.08-14.50.32:671][  0]LogExternalProfiler: Found external profiler: VSPerf
[2018.01.08-14.50.32:671][  0]LogExternalProfiler: Using external profiler: VSPerf
[2018.01.08-14.50.32:736][  0]LogContentStreaming: Texture pool size now 1000 MB
[2018.01.08-14.50.32:891][  0]LogSlate: Took 0.025417 seconds to synchronously load lazily loaded font '../../../Engine/Content/Slate/Fonts/Roboto-Light.ttf' (159K)
[2018.01.08-14.50.32:926][  1]LogFileCache: Retrieving MD5 hashes for directory 'C:/Users/Clement/Documents/Unreal Projects/Lightning_Project-master/Content/' took 0.22s
[2018.01.08-14.50.32:975][  1]LogAssetRegistry: Asset discovery search completed in 18.6660 seconds
[2018.01.08-14.50.32:979][  1]LogCollectionManager: Rebuilt the object cache for 0 collections in 0.000000 seconds (found 0 objects)
[2018.01.08-14.50.32:979][  1]LogCollectionManager: Fixed up redirectors for 0 collections in 0.000055 seconds (updated 0 objects)
[2018.01.08-14.50.36:818][161]LogTemp: Repeating last play command: Selected Viewport
[2018.01.08-14.50.36:894][161]LogBlueprintUserMessages: Early PlayInEditor Detection: Level '/Game/Maps/FirstMap.FirstMap:PersistentLevel' has LevelScriptBlueprint '/Game/Maps/FirstMap.FirstMap:PersistentLevel.FirstMap' with GeneratedClass '/Game/Maps/FirstMap.FirstMap_C' with ClassGeneratedBy '/Game/Maps/FirstMap.FirstMap:PersistentLevel.FirstMap'
[2018.01.08-14.50.36:894][161]LogBlueprintUserMessages: Early PlayInEditor Detection: Level '/Game/Maps/m1.m1:PersistentLevel' has LevelScriptBlueprint '/Game/Maps/m1.m1:PersistentLevel.m1' with GeneratedClass '/Game/Maps/m1.m1_C' with ClassGeneratedBy '/Game/Maps/m1.m1:PersistentLevel.m1'
[2018.01.08-14.50.36:911][161]LogPlayLevel: PlayLevel: No blueprints needed recompiling
[2018.01.08-14.50.36:915][161]PIE: New page: PIE session: FirstMap (Jan 8, 2018, 4:50:36 PM)
[2018.01.08-14.50.36:915][161]LogPlayLevel: Creating play world package: /Game/Maps/UEDPIE_0_FirstMap
[2018.01.08-14.50.36:983][161]LogPlayLevel: PIE: StaticDuplicateObject took: (0.067275s)
[2018.01.08-14.50.36:983][161]LogAIModule: Creating AISystem for world FirstMap
[2018.01.08-14.50.36:984][161]LogPlayLevel: PIE: World Init took: (0.001201s)
[2018.01.08-14.50.36:984][161]LogPlayLevel: PIE: Created PIE world by copying editor world from /Game/Maps/FirstMap.FirstMap to /Game/Maps/UEDPIE_0_FirstMap.FirstMap (0.068976s)
[2018.01.08-14.50.37:021][161]LogInit: XAudio2 using 'Haut-parleurs (Périphérique High Definition Audio)' : 2 channels at 44.1 kHz using 16 bits per sample (channel mask 0x3)
[2018.01.08-14.50.37:030][161]LogInit: FAudioDevice initialized.
[2018.01.08-14.50.37:682][161]LogLoad: Game class is 'LightningBasicMode_C'
[2018.01.08-14.50.37:723][161]LogWorld: Bringing World /Game/Maps/UEDPIE_0_FirstMap.FirstMap up for play (max tick rate 0) at 2018.01.08-15.50.37
[2018.01.08-14.50.37:747][161]LogWorld: Bringing up level for play took: 0.025275
[2018.01.08-14.50.37:921][161]LogContentBrowser: Native class hierarchy updated for 'MovieSceneCapture' in 0.0004 seconds. Added 11 classes and 0 folders.
[2018.01.08-14.50.38:162][161]PIE: Play in editor start time for /Game/Maps/UEDPIE_0_FirstMap 1.753
[2018.01.08-14.50.38:163][161]LogBlueprintUserMessages: Late PlayInEditor Detection: Level '/Game/Maps/FirstMap.FirstMap:PersistentLevel' has LevelScriptBlueprint '/Game/Maps/FirstMap.FirstMap:PersistentLevel.FirstMap' with GeneratedClass '/Game/Maps/FirstMap.FirstMap_C' with ClassGeneratedBy '/Game/Maps/FirstMap.FirstMap:PersistentLevel.FirstMap'
[2018.01.08-14.50.38:163][161]LogBlueprintUserMessages: Late PlayInEditor Detection: Level '/Game/Maps/m1.m1:PersistentLevel' has LevelScriptBlueprint '/Game/Maps/m1.m1:PersistentLevel.m1' with GeneratedClass '/Game/Maps/m1.m1_C' with ClassGeneratedBy '/Game/Maps/m1.m1:PersistentLevel.m1'
[2018.01.08-14.52.38:810][805]LogBlueprintUserMessages: Early EndPlayMap Detection: Level '/Game/Maps/FirstMap.FirstMap:PersistentLevel' has LevelScriptBlueprint '/Game/Maps/FirstMap.FirstMap:PersistentLevel.FirstMap' with GeneratedClass '/Game/Maps/FirstMap.FirstMap_C' with ClassGeneratedBy '/Game/Maps/FirstMap.FirstMap:PersistentLevel.FirstMap'
[2018.01.08-14.52.38:810][805]LogBlueprintUserMessages: Early EndPlayMap Detection: Level '/Game/Maps/m1.m1:PersistentLevel' has LevelScriptBlueprint '/Game/Maps/m1.m1:PersistentLevel.m1' with GeneratedClass '/Game/Maps/m1.m1_C' with ClassGeneratedBy '/Game/Maps/m1.m1:PersistentLevel.m1'
[2018.01.08-14.52.38:844][805]LogBlueprintUserMessages: Late EndPlayMap Detection: Level '/Game/Maps/FirstMap.FirstMap:PersistentLevel' has LevelScriptBlueprint '/Game/Maps/FirstMap.FirstMap:PersistentLevel.FirstMap' with GeneratedClass '/Game/Maps/FirstMap.FirstMap_C' with ClassGeneratedBy '/Game/Maps/FirstMap.FirstMap:PersistentLevel.FirstMap'
[2018.01.08-14.52.38:844][805]LogBlueprintUserMessages: Late EndPlayMap Detection: Level '/Game/Maps/m1.m1:PersistentLevel' has LevelScriptBlueprint '/Game/Maps/m1.m1:PersistentLevel.m1' with GeneratedClass '/Game/Maps/m1.m1_C' with ClassGeneratedBy '/Game/Maps/m1.m1:PersistentLevel.m1'
[2018.01.08-14.52.38:860][805]LogActorComponent: ReregisterComponent: (/Game/Maps/FirstMap.FirstMap:PersistentLevel.CinemaScreen.MediaSound.AudioComponent_0) Not currently registered. Aborting.
[2018.01.08-14.52.57:592][494]LogEditorViewport: Clicking on Actor (LMB): PointLight (PointLight3)
[2018.01.08-14.52.58:608][502]LogEditorViewport: Clicking on Actor (LMB): PointLight (PointLight3)
[2018.01.08-14.53.08:810][936]LogEditorViewport: Clicking on Actor (LMB): StaticMeshActor (Wall E28)
[2018.01.08-14.53.16:622][272]LogEditorViewport: Clicking on Actor (LMB): LevelStreamingVolume (LSV369)
[2018.01.08-14.53.35:060][112]LogSlate: Took 0.000362 seconds to synchronously load lazily loaded font '../../../Engine/Content/Slate/Fonts/Roboto-Light.ttf' (159K)
[2018.01.08-14.53.35:113][112]Cmd: OBJ SAVEPACKAGE PACKAGE="/Game/Maps/FirstMap" FILE="C:/Users/Clement/Documents/Unreal Projects/Lightning_Project-master/Content/Maps/FirstMap.umap" SILENT=true AUTOSAVING=false KEEPDIRTY=false
[2018.01.08-14.53.35:532][112]LogSavePackage: Save=331.98ms
[2018.01.08-14.53.35:532][112]LogSavePackage: Moving 'C:/Users/Clement/Documents/Unreal Projects/Lightning_Project-master/Saved/FirstMap1E69BEE54E2B51BF5BBA60A9EAFB149D.tmp' to 'C:/Users/Clement/Documents/Unreal Projects/Lightning_Project-master/Content/Maps/FirstMap.umap'
[2018.01.08-14.53.35:534][112]LogSavePackage: Display: Finished SavePackage C:/Users/Clement/Documents/Unreal Projects/Lightning_Project-master/Content/Maps/FirstMap.umap
[2018.01.08-14.53.35:577][112]Cmd: OBJ SAVEPACKAGE PACKAGE="/Game/Maps/FirstMap_BuiltData" FILE="C:/Users/Clement/Documents/Unreal Projects/Lightning_Project-master/Content/Maps/FirstMap_BuiltData.uasset" SILENT=true
[2018.01.08-14.53.35:782][112]LogSavePackage: Save=159.83ms
[2018.01.08-14.53.35:782][112]LogSavePackage: Moving 'C:/Users/Clement/Documents/Unreal Projects/Lightning_Project-master/Saved/FirstMap_BuiltData289ACC9840AC347AAA26A7B4B8553DAB.tmp' to 'C:/Users/Clement/Documents/Unreal Projects/Lightning_Project-master/Content/Maps/FirstMap_BuiltData.uasset'
[2018.01.08-14.53.35:783][112]LogSavePackage: Display: Finished SavePackage C:/Users/Clement/Documents/Unreal Projects/Lightning_Project-master/Content/Maps/FirstMap_BuiltData.uasset
[2018.01.08-14.56.25:360][397]LogActorFactory: Actor Factory created Cube
[2018.01.08-14.56.37:009][983]LogActorFactory: Actor Factory created Cube
[2018.01.08-14.56.37:787][ 21]LogActorFactory: Actor Factory created Cube
[2018.01.08-14.57.51:827][761]LogEditorViewport: Clicking on Actor (LMB): StaticMeshActor (SnowFloor)
[2018.01.08-14.58.10:082][574]LogEditorViewport: Clicking on Actor (LMB): StaticMeshActor (SnowFloor)
[2018.01.08-14.58.59:228][ 42]LogEditorViewport: Clicking on Actor (LMB): StaticMeshActor (Wall E41)
[2018.01.08-14.58.59:928][ 75]LogEditorViewport: Clicking on Actor (LMB): StaticMeshActor (Cube3)
[2018.01.08-14.59.18:564][301]LogEditorViewport: Clicking on Actor (LMB): StaticMeshActor (Wall E41)
[2018.01.08-14.59.19:356][336]LogEditorViewport: Clicking on Actor (LMB): StaticMeshActor (Cube3)
[2018.01.08-14.59.27:476][736]LogContentBrowser: Native class hierarchy updated for 'Matinee' in 0.0006 seconds. Added 15 classes and 2 folders.
[2018.01.08-14.59.27:485][736]LogInit: Transaction tracking system initialized
[2018.01.08-14.59.27:503][736]EditorErrors: New page: Matinee Initialization
[2018.01.08-14.59.52:627][415]LogEditorViewport: Clicking on Actor (LMB): StaticMeshActor (Cube3)
[2018.01.08-14.59.53:389][449]LogEditorViewport: Clicking on Actor (context menu): StaticMeshActor (Cube3)
[2018.01.08-15.00.18:119][744]LogEditorViewport: Clicking on Actor (LMB): StaticMeshActor (Wall E1)
[2018.01.08-15.00.18:671][768]LogEditorViewport: Clicking on Actor (LMB): StaticMeshActor (Cube3)
[2018.01.08-15.03.18:011][990]LogEditorViewport: Clicking on Actor (LMB): StaticMeshActor (Cube3)
[2018.01.08-15.03.40:589][954]LogEditorViewport: Clicking on Actor (LMB): StaticMeshActor (Cube3)
[2018.01.08-15.04.04:753][ 27]Cmd: TRANSACTION UNDO
[2018.01.08-15.04.04:753][ 27]LogEditorTransaction: Undo Update Key Frame
[2018.01.08-15.04.05:111][ 44]Cmd: TRANSACTION UNDO
[2018.01.08-15.04.05:111][ 44]LogEditorTransaction: Undo Update Key Frame
[2018.01.08-15.04.05:554][ 65]Cmd: TRANSACTION UNDO
[2018.01.08-15.04.05:554][ 65]LogEditorTransaction: Undo Add Key
[2018.01.08-15.04.06:186][ 95]Cmd: TRANSACTION UNDO
[2018.01.08-15.04.06:186][ 95]LogEditorTransaction: Undo Move End Marker
[2018.01.08-15.04.06:712][120]Cmd: TRANSACTION UNDO
[2018.01.08-15.04.06:712][120]LogEditorTransaction: Undo Move Loop End Marker
[2018.01.08-15.04.07:703][167]LogEditorViewport: Clicking on Actor (LMB): StaticMeshActor (SnowFloor)
[2018.01.08-15.04.08:386][197]Cmd: TRANSACTION UNDO
[2018.01.08-15.04.08:386][197]LogEditorTransaction: Undo NewTrack
[2018.01.08-15.04.08:851][219]Cmd: TRANSACTION UNDO
[2018.01.08-15.04.08:851][219]LogEditorTransaction: Undo New Group
[2018.01.08-15.04.15:763][531]LogEditorViewport: Clicking on Actor (LMB): StaticMeshActor (Cube3)
[2018.01.08-15.04.28:624][964]LogInit: Transaction tracking system initialized
[2018.01.08-15.04.28:625][964]EditorErrors: New page: Matinee Initialization
[2018.01.08-15.04.58:302][256]LogEditorViewport: Clicking on Actor (LMB): StaticMeshActor (Cube3)
[2018.01.08-15.05.36:428][ 59]LogEditorViewport: Clicking on Actor (LMB): StaticMeshActor (Cube3)
[2018.01.08-15.06.19:682][932]LogEditorViewport: Clicking on Actor (LMB): StaticMeshActor (Cube3)
[2018.01.08-15.07.00:118][887]LogEditorViewport: Clicking on Actor (LMB): StaticMeshActor (Wall E41)
[2018.01.08-15.07.02:772][  5]LogSlate: Took 0.000219 seconds to synchronously load lazily loaded font '../../../Engine/Content/Slate/Fonts/Roboto-Light.ttf' (159K)
[2018.01.08-15.07.04:723][ 58]LogContentBrowser: Native class hierarchy updated for 'BlueprintGraph' in 0.0006 seconds. Added 116 classes and 0 folders.
[2018.01.08-15.07.06:060][ 58]LogSlate: Took 0.026018 seconds to synchronously load lazily loaded font '../../../Engine/Content/Editor/Slate/Fonts/Roboto-BoldCondensed.ttf' (158K)
[2018.01.08-15.07.06:487][ 59]LogExit: Transaction tracking system shut down
[2018.01.08-15.07.06:487][ 59]LogExit: Transaction tracking system shut down
[2018.01.08-15.07.06:824][ 59]LogSavePackage: Save=295.15ms
[2018.01.08-15.07.06:824][ 59]LogSavePackage: Moving 'C:/Users/Clement/Documents/Unreal Projects/Lightning_Project-master/Saved/FirstMap_Auto1B852D01D49F18CC3C2E3F7AF92F2C24C.tmp' to 'C:/Users/Clement/Documents/Unreal Projects/Lightning_Project-master/Saved/Autosaves/Game/Maps/FirstMap_Auto1.umap'
[2018.01.08-15.07.06:827][ 59]LogSavePackage: Display: Finished SavePackage C:/Users/Clement/Documents/Unreal Projects/Lightning_Project-master/Saved/Autosaves/Game/Maps/FirstMap_Auto1.umap
[2018.01.08-15.07.06:831][ 59]Cmd: OBJ SAVEPACKAGE PACKAGE="/Game/Maps/m4" FILE="C:/Users/Clement/Documents/Unreal Projects/Lightning_Project-master/Saved/Autosaves/Game/Maps/m4_Auto1.umap" SILENT=true AUTOSAVING=true KEEPDIRTY=false
[2018.01.08-15.07.06:917][ 59]LogSavePackage: Save=51.17ms
[2018.01.08-15.07.06:917][ 59]LogSavePackage: Moving 'C:/Users/Clement/Documents/Unreal Projects/Lightning_Project-master/Saved/m4_Auto179E5CF1A452BB0371AAF66B7C7F16CCC.tmp' to 'C:/Users/Clement/Documents/Unreal Projects/Lightning_Project-master/Saved/Autosaves/Game/Maps/m4_Auto1.umap'
[2018.01.08-15.07.06:918][ 59]LogSavePackage: Display: Finished SavePackage C:/Users/Clement/Documents/Unreal Projects/Lightning_Project-master/Saved/Autosaves/Game/Maps/m4_Auto1.umap
[2018.01.08-15.07.06:921][ 59]Cmd: OBJ SAVEPACKAGE PACKAGE="/Game/Maps/m7" FILE="C:/Users/Clement/Documents/Unreal Projects/Lightning_Project-master/Saved/Autosaves/Game/Maps/m7_Auto1.umap" SILENT=true AUTOSAVING=true KEEPDIRTY=false
[2018.01.08-15.07.06:997][ 59]LogSavePackage: Save=41.89ms
[2018.01.08-15.07.06:997][ 59]LogSavePackage: Moving 'C:/Users/Clement/Documents/Unreal Projects/Lightning_Project-master/Saved/m7_Auto13A7777054360C9A06DEFA3A15F5D3F6B.tmp' to 'C:/Users/Clement/Documents/Unreal Projects/Lightning_Project-master/Saved/Autosaves/Game/Maps/m7_Auto1.umap'
[2018.01.08-15.07.06:998][ 59]LogSavePackage: Display: Finished SavePackage C:/Users/Clement/Documents/Unreal Projects/Lightning_Project-master/Saved/Autosaves/Game/Maps/m7_Auto1.umap
[2018.01.08-15.07.06:999][ 59]LogFileHelpers: Editor autosave (incl. sublevels) for '/Game/Maps/FirstMap' took 0.529
[2018.01.08-15.07.06:999][ 59]LogFileHelpers: Editor autosave (incl. sublevels) for all levels took 0.529
[2018.01.08-15.07.07:029][ 59]LogSlate: Took 0.021951 seconds to synchronously load lazily loaded font '../../../Engine/Content/Editor/Slate/Fonts/Roboto-Italic.ttf' (157K)
[2018.01.08-15.07.47:204][776]LogEditorViewport: Clicking on Actor (LMB): TriggerBox (TriggerBox2)
[2018.01.08-15.09.07:403][411]LogEditorViewport: Clicking on Actor (LMB): StaticMeshActor (Wall E1)
[2018.01.08-15.09.13:042][676]LogEditorViewport: Clicking on Actor (LMB): StaticMeshActor (Wall E40)
[2018.01.08-15.09.15:754][804]LogEditorViewport: Clicking on Actor (LMB): TriggerBox (TriggerBox2)
[2018.01.08-15.11.40:296][127]LogTemp: Repeating last play command: Selected Viewport
[2018.01.08-15.11.40:316][127]LogBlueprintUserMessages: Early PlayInEditor Detection: Level '/Game/Maps/FirstMap.FirstMap:PersistentLevel' has LevelScriptBlueprint '/Game/Maps/FirstMap.FirstMap:PersistentLevel.FirstMap' with GeneratedClass '/Game/Maps/FirstMap.FirstMap_C' with ClassGeneratedBy '/Game/Maps/FirstMap.FirstMap:PersistentLevel.FirstMap'
[2018.01.08-15.11.40:316][127]LogBlueprintUserMessages: Early PlayInEditor Detection: Level '/Game/Maps/m1.m1:PersistentLevel' has LevelScriptBlueprint '/Game/Maps/m1.m1:PersistentLevel.m1' with GeneratedClass '/Game/Maps/m1.m1_C' with ClassGeneratedBy '/Game/Maps/m1.m1:PersistentLevel.m1'
[2018.01.08-15.11.40:316][127]LogBlueprintUserMessages: Early PlayInEditor Detection: Level '/Game/Maps/m4.m4:PersistentLevel' has LevelScriptBlueprint '/Game/Maps/m4.m4:PersistentLevel.m4' with GeneratedClass '/Game/Maps/m4.m4_C' with ClassGeneratedBy '/Game/Maps/m4.m4:PersistentLevel.m4'
[2018.01.08-15.11.40:317][127]BlueprintLog: New page: Pre-Play auto-recompile
[2018.01.08-15.11.40:319][127]LogPlayLevel: [PlayLevel] Compiling m4 before play...
[2018.01.08-15.11.40:342][127]LogPlayLevel: PlayLevel: Blueprint regeneration took 25 ms (1 blueprints)
[2018.01.08-15.11.40:342][127]PIE: New page: PIE session: FirstMap (Jan 8, 2018, 5:11:40 PM)
[2018.01.08-15.11.40:343][127]LogPlayLevel: Creating play world package: /Game/Maps/UEDPIE_0_FirstMap
[2018.01.08-15.11.40:352][127]LogPlayLevel: PIE: StaticDuplicateObject took: (0.009525s)
[2018.01.08-15.11.40:353][127]LogAIModule: Creating AISystem for world FirstMap
[2018.01.08-15.11.40:353][127]LogPlayLevel: PIE: World Init took: (0.000638s)
[2018.01.08-15.11.40:353][127]LogPlayLevel: PIE: Created PIE world by copying editor world from /Game/Maps/FirstMap.FirstMap to /Game/Maps/UEDPIE_0_FirstMap.FirstMap (0.010460s)
[2018.01.08-15.11.40:374][127]LogInit: XAudio2 using 'Haut-parleurs (Périphérique High Definition Audio)' : 2 channels at 44.1 kHz using 16 bits per sample (channel mask 0x3)
[2018.01.08-15.11.40:382][127]LogInit: FAudioDevice initialized.
[2018.01.08-15.11.40:410][127]LogLoad: Game class is 'LightningBasicMode_C'
[2018.01.08-15.11.40:412][127]LogWorld: Bringing World /Game/Maps/UEDPIE_0_FirstMap.FirstMap up for play (max tick rate 0) at 2018.01.08-16.11.40
[2018.01.08-15.11.40:412][127]LogWorld: Bringing up level for play took: 0.001365
[2018.01.08-15.11.40:534][127]PIE: Play in editor start time for /Game/Maps/UEDPIE_0_FirstMap 0.101
[2018.01.08-15.11.40:541][127]LogBlueprintUserMessages: Late PlayInEditor Detection: Level '/Game/Maps/FirstMap.FirstMap:PersistentLevel' has LevelScriptBlueprint '/Game/Maps/FirstMap.FirstMap:PersistentLevel.FirstMap' with GeneratedClass '/Game/Maps/FirstMap.FirstMap_C' with ClassGeneratedBy '/Game/Maps/FirstMap.FirstMap:PersistentLevel.FirstMap'
[2018.01.08-15.11.40:541][127]LogBlueprintUserMessages: Late PlayInEditor Detection: Level '/Game/Maps/m1.m1:PersistentLevel' has LevelScriptBlueprint '/Game/Maps/m1.m1:PersistentLevel.m1' with GeneratedClass '/Game/Maps/m1.m1_C' with ClassGeneratedBy '/Game/Maps/m1.m1:PersistentLevel.m1'
[2018.01.08-15.11.40:541][127]LogBlueprintUserMessages: Late PlayInEditor Detection: Level '/Game/Maps/m4.m4:PersistentLevel' has LevelScriptBlueprint '/Game/Maps/m4.m4:PersistentLevel.m4' with GeneratedClass '/Game/Maps/m4.m4_C' with ClassGeneratedBy '/Game/Maps/m4.m4:PersistentLevel.m4'
[2018.01.08-15.12.02:063][966]LogBlueprintUserMessages: Early EndPlayMap Detection: Level '/Game/Maps/FirstMap.FirstMap:PersistentLevel' has LevelScriptBlueprint '/Game/Maps/FirstMap.FirstMap:PersistentLevel.FirstMap' with GeneratedClass '/Game/Maps/FirstMap.FirstMap_C' with ClassGeneratedBy '/Game/Maps/FirstMap.FirstMap:PersistentLevel.FirstMap'
[2018.01.08-15.12.02:063][966]LogBlueprintUserMessages: Early EndPlayMap Detection: Level '/Game/Maps/m1.m1:PersistentLevel' has LevelScriptBlueprint '/Game/Maps/m1.m1:PersistentLevel.m1' with GeneratedClass '/Game/Maps/m1.m1_C' with ClassGeneratedBy '/Game/Maps/m1.m1:PersistentLevel.m1'
[2018.01.08-15.12.02:063][966]LogBlueprintUserMessages: Early EndPlayMap Detection: Level '/Game/Maps/m4.m4:PersistentLevel' has LevelScriptBlueprint '/Game/Maps/m4.m4:PersistentLevel.m4' with GeneratedClass '/Game/Maps/m4.m4_C' with ClassGeneratedBy '/Game/Maps/m4.m4:PersistentLevel.m4'
[2018.01.08-15.12.02:123][966]LogBlueprintUserMessages: Late EndPlayMap Detection: Level '/Game/Maps/FirstMap.FirstMap:PersistentLevel' has LevelScriptBlueprint '/Game/Maps/FirstMap.FirstMap:PersistentLevel.FirstMap' with GeneratedClass '/Game/Maps/FirstMap.FirstMap_C' with ClassGeneratedBy '/Game/Maps/FirstMap.FirstMap:PersistentLevel.FirstMap'
[2018.01.08-15.12.02:123][966]LogBlueprintUserMessages: Late EndPlayMap Detection: Level '/Game/Maps/m1.m1:PersistentLevel' has LevelScriptBlueprint '/Game/Maps/m1.m1:PersistentLevel.m1' with GeneratedClass '/Game/Maps/m1.m1_C' with ClassGeneratedBy '/Game/Maps/m1.m1:PersistentLevel.m1'
[2018.01.08-15.12.02:123][966]LogBlueprintUserMessages: Late EndPlayMap Detection: Level '/Game/Maps/m4.m4:PersistentLevel' has LevelScriptBlueprint '/Game/Maps/m4.m4:PersistentLevel.m4' with GeneratedClass '/Game/Maps/m4.m4_C' with ClassGeneratedBy '/Game/Maps/m4.m4:PersistentLevel.m4'
[2018.01.08-15.12.02:149][966]LogActorComponent: ReregisterComponent: (/Game/Maps/FirstMap.FirstMap:PersistentLevel.CinemaScreen.MediaSound.AudioComponent_0) Not currently registered. Aborting.
[2018.01.08-15.12.10:172][346]LogEditorViewport: Clicking on Actor (LMB): StaticMeshActor (SnowFloor)
[2018.01.08-15.12.10:925][379]LogEditorViewport: Clicking on Actor (LMB): StaticMeshActor (SnowFloor)
[2018.01.08-15.12.13:467][498]LogEditorViewport: Clicking on Actor (LMB): StaticMeshActor (SnowFloor)
[2018.01.08-15.12.14:142][529]LogEditorViewport: Clicking on Actor (LMB): TriggerBox (TriggerBox2)
[2018.01.08-15.12.43:126][923]LogEditorViewport: Clicking on Actor (LMB): StaticMeshActor (SnowFloor)
[2018.01.08-15.17.20:179][449]Cmd: OBJ SAVEPACKAGE PACKAGE="/Game/Maps/m4" FILE="C:/Users/Clement/Documents/Unreal Projects/Lightning_Project-master/Content/Maps/m4.umap" SILENT=true AUTOSAVING=false KEEPDIRTY=false
[2018.01.08-15.17.20:251][449]LogSpawn: Warning: UWorld::DestroyActor: World has no context! World: m4, Actor: /Game/Maps/m4.m4:PersistentLevel.REINST_m4_C_0
[2018.01.08-15.17.20:418][449]LogSavePackage: Save=188.21ms
[2018.01.08-15.17.20:418][449]LogSavePackage: Moving 'C:/Users/Clement/Documents/Unreal Projects/Lightning_Project-master/Saved/m41E42F82C4145E7617713539E4033F925.tmp' to 'C:/Users/Clement/Documents/Unreal Projects/Lightning_Project-master/Content/Maps/m4.umap'
[2018.01.08-15.17.20:420][449]LogSavePackage: Display: Finished SavePackage C:/Users/Clement/Documents/Unreal Projects/Lightning_Project-master/Content/Maps/m4.umap
[2018.01.08-15.17.20:424][449]Cmd: OBJ SAVEPACKAGE PACKAGE="/Game/Maps/m4_BuiltData" FILE="C:/Users/Clement/Documents/Unreal Projects/Lightning_Project-master/Content/Maps/m4_BuiltData.uasset" SILENT=true
[2018.01.08-15.17.20:500][449]LogSavePackage: Save=40.04ms
[2018.01.08-15.17.20:500][449]LogSavePackage: Moving 'C:/Users/Clement/Documents/Unreal Projects/Lightning_Project-master/Saved/m4_BuiltDataCF34514B4622636C4A75B9B484837D32.tmp' to 'C:/Users/Clement/Documents/Unreal Projects/Lightning_Project-master/Content/Maps/m4_BuiltData.uasset'
[2018.01.08-15.17.20:501][449]LogSavePackage: Display: Finished SavePackage C:/Users/Clement/Documents/Unreal Projects/Lightning_Project-master/Content/Maps/m4_BuiltData.uasset
[2018.01.08-15.17.31:690][ 46]LogTemp: Repeating last play command: Selected Viewport
[2018.01.08-15.17.31:708][ 46]LogBlueprintUserMessages: Early PlayInEditor Detection: Level '/Game/Maps/FirstMap.FirstMap:PersistentLevel' has LevelScriptBlueprint '/Game/Maps/FirstMap.FirstMap:PersistentLevel.FirstMap' with GeneratedClass '/Game/Maps/FirstMap.FirstMap_C' with ClassGeneratedBy '/Game/Maps/FirstMap.FirstMap:PersistentLevel.FirstMap'
[2018.01.08-15.17.31:708][ 46]LogBlueprintUserMessages: Early PlayInEditor Detection: Level '/Game/Maps/m1.m1:PersistentLevel' has LevelScriptBlueprint '/Game/Maps/m1.m1:PersistentLevel.m1' with GeneratedClass '/Game/Maps/m1.m1_C' with ClassGeneratedBy '/Game/Maps/m1.m1:PersistentLevel.m1'
[2018.01.08-15.17.31:708][ 46]LogBlueprintUserMessages: Early PlayInEditor Detection: Level '/Game/Maps/m4.m4:PersistentLevel' has LevelScriptBlueprint '/Game/Maps/m4.m4:PersistentLevel.m4' with GeneratedClass '/Game/Maps/m4.m4_C' with ClassGeneratedBy '/Game/Maps/m4.m4:PersistentLevel.m4'
[2018.01.08-15.17.31:708][ 46]LogPlayLevel: PlayLevel: No blueprints needed recompiling
[2018.01.08-15.17.31:709][ 46]PIE: New page: PIE session: FirstMap (Jan 8, 2018, 5:17:31 PM)
[2018.01.08-15.17.31:709][ 46]LogPlayLevel: Creating play world package: /Game/Maps/UEDPIE_0_FirstMap
[2018.01.08-15.17.31:718][ 46]LogPlayLevel: PIE: StaticDuplicateObject took: (0.009685s)
[2018.01.08-15.17.31:719][ 46]LogAIModule: Creating AISystem for world FirstMap
[2018.01.08-15.17.31:719][ 46]LogPlayLevel: PIE: World Init took: (0.000625s)
[2018.01.08-15.17.31:719][ 46]LogPlayLevel: PIE: Created PIE world by copying editor world from /Game/Maps/FirstMap.FirstMap to /Game/Maps/UEDPIE_0_FirstMap.FirstMap (0.010623s)
[2018.01.08-15.17.31:742][ 46]LogInit: XAudio2 using 'Haut-parleurs (Périphérique High Definition Audio)' : 2 channels at 44.1 kHz using 16 bits per sample (channel mask 0x3)
[2018.01.08-15.17.31:750][ 46]LogInit: FAudioDevice initialized.
[2018.01.08-15.17.31:778][ 46]LogLoad: Game class is 'LightningBasicMode_C'
[2018.01.08-15.17.31:780][ 46]LogWorld: Bringing World /Game/Maps/UEDPIE_0_FirstMap.FirstMap up for play (max tick rate 0) at 2018.01.08-16.17.31
[2018.01.08-15.17.31:780][ 46]LogWorld: Bringing up level for play took: 0.001409
[2018.01.08-15.17.31:899][ 46]PIE: Play in editor start time for /Game/Maps/UEDPIE_0_FirstMap -0.541
[2018.01.08-15.17.31:920][ 46]LogBlueprintUserMessages: Late PlayInEditor Detection: Level '/Game/Maps/FirstMap.FirstMap:PersistentLevel' has LevelScriptBlueprint '/Game/Maps/FirstMap.FirstMap:PersistentLevel.FirstMap' with GeneratedClass '/Game/Maps/FirstMap.FirstMap_C' with ClassGeneratedBy '/Game/Maps/FirstMap.FirstMap:PersistentLevel.FirstMap'
[2018.01.08-15.17.31:920][ 46]LogBlueprintUserMessages: Late PlayInEditor Detection: Level '/Game/Maps/m1.m1:PersistentLevel' has LevelScriptBlueprint '/Game/Maps/m1.m1:PersistentLevel.m1' with GeneratedClass '/Game/Maps/m1.m1_C' with ClassGeneratedBy '/Game/Maps/m1.m1:PersistentLevel.m1'
[2018.01.08-15.17.31:920][ 46]LogBlueprintUserMessages: Late PlayInEditor Detection: Level '/Game/Maps/m4.m4:PersistentLevel' has LevelScriptBlueprint '/Game/Maps/m4.m4:PersistentLevel.m4' with GeneratedClass '/Game/Maps/m4.m4_C' with ClassGeneratedBy '/Game/Maps/m4.m4:PersistentLevel.m4'
[2018.01.08-15.19.19:973][363]LogWindows: Error: === Critical error: ===
[2018.01.08-15.19.19:973][363]LogWindows: Error: 
[2018.01.08-15.19.19:973][363]LogWindows: Error: Fatal error!
[2018.01.08-15.19.19:973][363]LogWindows: Error: 
[2018.01.08-15.19.19:973][363]LogWindows: Error: Unhandled Exception: EXCEPTION_ACCESS_VIOLATION reading address 0x000000ee
[2018.01.08-15.19.19:973][363]LogWindows: Error: 
[2018.01.08-15.19.19:973][363]LogWindows: Error: [Callstack] 0x00000000D286653C UE4Editor-PropertyEditor.dll!UnknownFunction []
[2018.01.08-15.19.19:973][363]LogWindows: Error: [Callstack] 0x00000000D286614C UE4Editor-PropertyEditor.dll!UnknownFunction []
[2018.01.08-15.19.19:973][363]LogWindows: Error: [Callstack] 0x00000000D2864A58 UE4Editor-PropertyEditor.dll!UnknownFunction []
[2018.01.08-15.19.19:973][363]LogWindows: Error: [Callstack] 0x00000000D2875A38 UE4Editor-PropertyEditor.dll!UnknownFunction []
[2018.01.08-15.19.19:973][363]LogWindows: Error: [Callstack] 0x00000000D2895AFE UE4Editor-PropertyEditor.dll!UnknownFunction []
[2018.01.08-15.19.19:973][363]LogWindows: Error: [Callstack] 0x00000000D2828A16 UE4Editor-PropertyEditor.dll!UnknownFunction []
[2018.01.08-15.19.19:973][363]LogWindows: Error: [Callstack] 0x00000000D8C402F4 UE4Editor-Slate.dll!UnknownFunction []
[2018.01.08-15.19.19:973][363]LogWindows: Error: [Callstack] 0x00000000D8D17735 UE4Editor-Slate.dll!UnknownFunction []
[2018.01.08-15.19.19:973][363]LogWindows: Error: [Callstack] 0x00000000D8CF35D6 UE4Editor-Slate.dll!UnknownFunction []
[2018.01.08-15.19.19:973][363]LogWindows: Error: [Callstack] 0x00000000D8CFABF4 UE4Editor-Slate.dll!UnknownFunction []
[2018.01.08-15.19.19:973][363]LogWindows: Error: [Callstack] 0x00000000D8CCEDA5 UE4Editor-Slate.dll!UnknownFunction []
[2018.01.08-15.19.19:973][363]LogWindows: Error: [Callstack] 0x00000000D8845E1A UE4Editor-SlateCore.dll!UnknownFunction []
[2018.01.08-15.19.19:973][363]LogWindows: Error: [Callstack] 0x00000000D88DF0FE UE4Editor-SlateCore.dll!UnknownFunction []
[2018.01.08-15.19.19:973][363]LogWindows: Error: [Callstack] 0x00000000D88DF0FE UE4Editor-SlateCore.dll!UnknownFunction []
[2018.01.08-15.19.19:973][363]LogWindows: Error: [Callstack] 0x00000000D88DF0FE UE4Editor-SlateCore.dll!UnknownFunction []
[2018.01.08-15.19.19:974][363]LogWindows: Error: [Callstack] 0x00000000D88DF0FE UE4Editor-SlateCore.dll!UnknownFunction []
[2018.01.08-15.19.19:974][363]LogWindows: Error: [Callstack] 0x00000000D88DF0FE UE4Editor-SlateCore.dll!UnknownFunction []
[2018.01.08-15.19.19:974][363]LogWindows: Error: [Callstack] 0x00000000D88DF0FE UE4Editor-SlateCore.dll!UnknownFunction []
[2018.01.08-15.19.19:974][363]LogWindows: Error: [Callstack] 0x00000000D88DF0FE UE4Editor-SlateCore.dll!UnknownFunction []
[2018.01.08-15.19.19:974][363]LogWindows: Error: [Callstack] 0x00000000D88DF0FE UE4Editor-SlateCore.dll!UnknownFunction []
[2018.01.08-15.19.19:974][363]LogWindows: Error: [Callstack] 0x00000000D88DF0FE UE4Editor-SlateCore.dll!UnknownFunction []
[2018.01.08-15.19.19:974][363]LogWindows: Error: [Callstack] 0x00000000D88DF0FE UE4Editor-SlateCore.dll!UnknownFunction []
[2018.01.08-15.19.19:974][363]LogWindows: Error: [Callstack] 0x00000000D88DF0FE UE4Editor-SlateCore.dll!UnknownFunction []
[2018.01.08-15.19.19:974][363]LogWindows: Error: [Callstack] 0x00000000D88DF0FE UE4Editor-SlateCore.dll!UnknownFunction []
[2018.01.08-15.19.19:974][363]LogWindows: Error: [Callstack] 0x00000000D88DF0FE UE4Editor-SlateCore.dll!UnknownFunction []
[2018.01.08-15.19.19:974][363]LogWindows: Error: [Callstack] 0x00000000D88DF0FE UE4Editor-SlateCore.dll!UnknownFunction []
[2018.01.08-15.19.19:974][363]LogWindows: Error: [Callstack] 0x00000000D88DF0FE UE4Editor-SlateCore.dll!UnknownFunction []
[2018.01.08-15.19.19:974][363]LogWindows: Error: [Callstack] 0x00000000D88DF0FE UE4Editor-SlateCore.dll!UnknownFunction []
[2018.01.08-15.19.19:974][363]LogWindows: Error: [Callstack] 0x00000000D88DF0FE UE4Editor-SlateCore.dll!UnknownFunction []
[2018.01.08-15.19.19:974][363]LogWindows: Error: [Callstack] 0x00000000D88DF0FE UE4Editor-SlateCore.dll!UnknownFunction []
[2018.01.08-15.19.19:974][363]LogWindows: Error: [Callstack] 0x00000000D88DF0FE UE4Editor-SlateCore.dll!UnknownFunction []
[2018.01.08-15.19.19:974][363]LogWindows: Error: [Callstack] 0x00000000D88DF0FE UE4Editor-SlateCore.dll!UnknownFunction []
[2018.01.08-15.19.19:974][363]LogWindows: Error: [Callstack] 0x00000000D88DF0FE UE4Editor-SlateCore.dll!UnknownFunction []
[2018.01.08-15.19.19:974][363]LogWindows: Error: [Callstack] 0x00000000D88DF0FE UE4Editor-SlateCore.dll!UnknownFunction []
[2018.01.08-15.19.19:974][363]LogWindows: Error: [Callstack] 0x00000000D88DF0FE UE4Editor-SlateCore.dll!UnknownFunction []
[2018.01.08-15.19.19:974][363]LogWindows: Error: [Callstack] 0x00000000D88DF0FE UE4Editor-SlateCore.dll!UnknownFunction []
[2018.01.08-15.19.19:974][363]LogWindows: Error: [Callstack] 0x00000000D88DF0FE UE4Editor-SlateCore.dll!UnknownFunction []
[2018.01.08-15.19.19:974][363]LogWindows: Error: [Callstack] 0x00000000D88DF0FE UE4Editor-SlateCore.dll!UnknownFunction []
[2018.01.08-15.19.19:974][363]LogWindows: Error: [Callstack] 0x00000000D88DF0FE UE4Editor-SlateCore.dll!UnknownFunction []
[2018.01.08-15.19.19:974][363]LogWindows: Error: [Callstack] 0x00000000D88DF0FE UE4Editor-SlateCore.dll!UnknownFunction []
[2018.01.08-15.19.19:974][363]LogWindows: Error: [Callstack] 0x00000000D88DF0FE UE4Editor-SlateCore.dll!UnknownFunction []
[2018.01.08-15.19.19:974][363]LogWindows: Error: [Callstack] 0x00000000D88DF0FE UE4Editor-SlateCore.dll!UnknownFunction []
[2018.01.08-15.19.19:974][363]LogWindows: Error: [Callstack] 0x00000000D88DF0FE UE4Editor-SlateCore.dll!UnknownFunction []
[2018.01.08-15.19.19:974][363]LogWindows: Error: [Callstack] 0x00000000D88DF0FE UE4Editor-SlateCore.dll!UnknownFunction []
[2018.01.08-15.19.19:975][363]LogWindows: Error: [Callstack] 0x00000000D88DF0FE UE4Editor-SlateCore.dll!UnknownFunction []
[2018.01.08-15.19.19:975][363]LogWindows: Error: [Callstack] 0x00000000D88DF0FE UE4Editor-SlateCore.dll!UnknownFunction []
[2018.01.08-15.19.19:975][363]LogWindows: Error: [Callstack] 0x00000000D88DF0FE UE4Editor-SlateCore.dll!UnknownFunction []
[2018.01.08-15.19.19:975][363]LogWindows: Error: [Callstack] 0x00000000D88DF0FE UE4Editor-SlateCore.dll!UnknownFunction []
[2018.01.08-15.19.19:975][363]LogWindows: Error: [Callstack] 0x00000000D88DF0FE UE4Editor-SlateCore.dll!UnknownFunction []
[2018.01.08-15.19.19:975][363]LogWindows: Error: [Callstack] 0x00000000D88DF0FE UE4Editor-SlateCore.dll!UnknownFunction []
[2018.01.08-15.19.19:975][363]LogWindows: Error: [Callstack] 0x00000000D88DF0FE UE4Editor-SlateCore.dll!UnknownFunction []
[2018.01.08-15.19.19:975][363]LogWindows: Error: [Callstack] 0x00000000D88DF0FE UE4Editor-SlateCore.dll!UnknownFunction []
[2018.01.08-15.19.19:975][363]LogWindows: Error: [Callstack] 0x00000000D8B868F9 UE4Editor-Slate.dll!UnknownFunction []
[2018.01.08-15.19.19:975][363]LogWindows: Error: [Callstack] 0x00000000D8B52D46 UE4Editor-Slate.dll!UnknownFunction []
[2018.01.08-15.19.19:975][363]LogWindows: Error: [Callstack] 0x00000000D8B87389 UE4Editor-Slate.dll!UnknownFunction []
[2018.01.08-15.19.19:975][363]LogWindows: Error: [Callstack] 0x00000000D8B54140 UE4Editor-Slate.dll!UnknownFunction []
[2018.01.08-15.19.19:975][363]LogWindows: Error: [Callstack] 0x00000000D8BAD867 UE4Editor-Slate.dll!UnknownFunction []
[2018.01.08-15.19.19:975][363]LogWindows: Error: [Callstack] 0x00000000D8BAC953 UE4Editor-Slate.dll!UnknownFunction []
[2018.01.08-15.19.19:975][363]LogWindows: Error: [Callstack] 0x000000003F0969CA UE4Editor.exe!UnknownFunction []
[2018.01.08-15.19.19:975][363]LogWindows: Error: [Callstack] 0x000000003F0A5430 UE4Editor.exe!UnknownFunction []
[2018.01.08-15.19.19:975][363]LogWindows: Error: [Callstack] 0x000000003F0A54AA UE4Editor.exe!UnknownFunction []
[2018.01.08-15.19.19:975][363]LogWindows: Error: [Callstack] 0x000000003F0B2379 UE4Editor.exe!UnknownFunction []
[2018.01.08-15.19.19:975][363]LogWindows: Error: [Callstack] 0x000000003F0B3D57 UE4Editor.exe!UnknownFunction []
[2018.01.08-15.19.19:975][363]LogWindows: Error: [Callstack] 0x00000000776159CD kernel32.dll!UnknownFunction []
[2018.01.08-15.19.19:975][363]LogWindows: Error: [Callstack] 0x000000007784A561 ntdll.dll!UnknownFunction []
[2018.01.08-15.19.19:975][363]LogWindows: Error: [Callstack] 0x000000007784A561 ntdll.dll!UnknownFunction []
[2018.01.08-15.19.19:975][363]LogWindows: Error: 
[2018.01.08-15.19.19:994][363]LogExit: Executing StaticShutdownAfterError
[2018.01.08-15.19.20:002][363]LogWindows: FPlatformMisc::RequestExit(1)
[2018.01.08-15.19.20:002][363]Log file closed, 01/08/18 16:19:20
