Log file open, 01/10/18 18:45:37
LogWindows: Failed to load 'aqProf.dll' (GetLastError=126)
LogWindows: File 'aqProf.dll' does not exist
LogWindows: Failed to load 'VSPerf140.dll' (GetLastError=126)
LogWindows: File 'VSPerf140.dll' does not exist
LogWindows: Failed to load 'VtuneApi.dll' (GetLastError=126)
LogWindows: File 'VtuneApi.dll' does not exist
LogWindows: Failed to load 'VtuneApi32e.dll' (GetLastError=126)
LogWindows: File 'VtuneApi32e.dll' does not exist
LogInit: Display: Running engine for game: Lightning
LogPlatformFile: Not using cached read wrapper
LogInit: Display: RandInit(-1934259483) SRandInit(-1934259483).
LogInit: Read version file with build ID '3709383'
LogInit: Overriding engine version to CL 3794801, compatible CL 3709383
LogInit: Registered custom module enumerator with build ID '3709383'
LogTaskGraph: Started task graph with 5 named threads and 14 total threads with 3 sets of task threads.
LogStats: Stats thread started at 0.203683
LogD3D11RHI: Aftermath initialized
LogModuleManager: Display: Found up-to-date module file ../../../Engine/Plugins/2D/Paper2D/Binaries/Win64/UE4Editor-Paper2D.dll (API version 3709383).
LogModuleManager: Display: Found up-to-date module file ../../../Engine/Plugins/2D/Paper2D/Binaries/Win64/UE4Editor-Paper2DEditor.dll (API version 3709383).
LogModuleManager: Display: Found up-to-date module file ../../../Engine/Plugins/2D/Paper2D/Binaries/Win64/UE4Editor-PaperSpriteSheetImporter.dll (API version 3709383).
LogModuleManager: Display: Found up-to-date module file ../../../Engine/Plugins/2D/Paper2D/Binaries/Win64/UE4Editor-PaperTiledImporter.dll (API version 3709383).
LogModuleManager: Display: Found up-to-date module file ../../../Engine/Plugins/2D/Paper2D/Binaries/Win64/UE4Editor-SmartSnapping.dll (API version 3709383).
LogModuleManager: Display: Found up-to-date module file ../../../Engine/Plugins/Blendables/LightPropagationVolume/Binaries/Win64/UE4Editor-LightPropagationVolumeRuntime.dll (API version 3709383).
LogModuleManager: Display: Found up-to-date module file ../../../Engine/Plugins/Blendables/LightPropagationVolume/Binaries/Win64/UE4Editor-LightPropagationVolumeEditor.dll (API version 3709383).
LogModuleManager: Display: Found up-to-date module file ../../../Engine/Plugins/Developer/GitSourceControl/Binaries/Win64/UE4Editor-GitSourceControl.dll (API version 3709383).
LogModuleManager: Display: Found up-to-date module file ../../../Engine/Plugins/Developer/PerforceSourceControl/Binaries/Win64/UE4Editor-PerforceSourceControl.dll (API version 3709383).
LogModuleManager: Display: Found up-to-date module file ../../../Engine/Plugins/Developer/SubversionSourceControl/Binaries/Win64/UE4Editor-SubversionSourceControl.dll (API version 3709383).
LogModuleManager: Display: Found up-to-date module file ../../../Engine/Plugins/Developer/UObjectPlugin/Binaries/Win64/UE4Editor-UObjectPlugin.dll (API version 3709383).
LogModuleManager: Display: Found up-to-date module file ../../../Engine/Plugins/Developer/VisualStudioCodeSourceCodeAccess/Binaries/Win64/UE4Editor-VisualStudioCodeSourceCodeAccess.dll (API version 3709383).
LogModuleManager: Display: Found up-to-date module file ../../../Engine/Plugins/Developer/VisualStudioSourceCodeAccess/Binaries/Win64/UE4Editor-VisualStudioSourceCodeAccess.dll (API version 3709383).
LogModuleManager: Display: Found up-to-date module file ../../../Engine/Plugins/Editor/AssetManagerEditor/Binaries/Win64/UE4Editor-AssetManagerEditor.dll (API version 3709383).
LogModuleManager: Display: Found up-to-date module file ../../../Engine/Plugins/Editor/AudioCapture/Binaries/Win64/UE4Editor-AudioCapture.dll (API version 3709383).
LogModuleManager: Display: Found up-to-date module file ../../../Engine/Plugins/Editor/FacialAnimation/Binaries/Win64/UE4Editor-FacialAnimation.dll (API version 3709383).
LogModuleManager: Display: Found up-to-date module file ../../../Engine/Plugins/Editor/FacialAnimation/Binaries/Win64/UE4Editor-FacialAnimationEditor.dll (API version 3709383).
LogModuleManager: Display: Found up-to-date module file ../../../Engine/Plugins/Editor/GameplayTagsEditor/Binaries/Win64/UE4Editor-GameplayTagsEditor.dll (API version 3709383).
LogModuleManager: Display: Found up-to-date module file ../../../Engine/Plugins/Editor/MobileLauncherProfileWizard/Binaries/Win64/UE4Editor-MobileLauncherProfileWizard.dll (API version 3709383).
LogModuleManager: Display: Found up-to-date module file ../../../Engine/Plugins/Editor/PluginBrowser/Binaries/Win64/UE4Editor-PluginBrowser.dll (API version 3709383).
LogModuleManager: Display: Found up-to-date module file ../../../Engine/Plugins/Editor/SpeedTreeImporter/Binaries/Win64/UE4Editor-SpeedTreeImporter.dll (API version 3709383).
LogModuleManager: Display: Found up-to-date module file ../../../Engine/Plugins/Experimental/AlembicImporter/Binaries/Win64/UE4Editor-AlembicImporter.dll (API version 3709383).
LogModuleManager: Display: Found up-to-date module file ../../../Engine/Plugins/Experimental/AlembicImporter/Binaries/Win64/UE4Editor-AlembicLibrary.dll (API version 3709383).
LogModuleManager: Display: Found up-to-date module file ../../../Engine/Plugins/Experimental/CharacterAI/Binaries/Win64/UE4Editor-CharacterAI.dll (API version 3709383).
LogModuleManager: Display: Found up-to-date module file ../../../Engine/Plugins/Experimental/HTML5Networking/Binaries/Win64/UE4Editor-HTML5Networking.dll (API version 3709383).
LogModuleManager: Display: Found up-to-date module file ../../../Engine/Plugins/Media/AndroidMedia/Binaries/Win64/UE4Editor-AndroidMediaEditor.dll (API version 3709383).
LogModuleManager: Display: Found up-to-date module file ../../../Engine/Plugins/Media/AndroidMedia/Binaries/Win64/UE4Editor-AndroidMediaFactory.dll (API version 3709383).
LogModuleManager: Display: Found up-to-date module file ../../../Engine/Plugins/Media/AvfMedia/Binaries/Win64/UE4Editor-AvfMediaEditor.dll (API version 3709383).
LogModuleManager: Display: Found up-to-date module file ../../../Engine/Plugins/Media/AvfMedia/Binaries/Win64/UE4Editor-AvfMediaFactory.dll (API version 3709383).
LogModuleManager: Display: Found up-to-date module file ../../../Engine/Plugins/Media/AvfMedia/Binaries/Win64/UE4Editor-AvfMediaFactory.dll (API version 3709383).
LogModuleManager: Display: Found up-to-date module file ../../../Engine/Plugins/Media/ImgMedia/Binaries/Win64/UE4Editor-ImgMedia.dll (API version 3709383).
LogModuleManager: Display: Found up-to-date module file ../../../Engine/Plugins/Media/ImgMedia/Binaries/Win64/UE4Editor-ImgMediaEditor.dll (API version 3709383).
LogModuleManager: Display: Found up-to-date module file ../../../Engine/Plugins/Media/ImgMedia/Binaries/Win64/UE4Editor-ImgMediaFactory.dll (API version 3709383).
LogModuleManager: Display: Found up-to-date module file ../../../Engine/Plugins/Media/ImgMedia/Binaries/Win64/UE4Editor-ImgMediaFactory.dll (API version 3709383).
LogModuleManager: Display: Found up-to-date module file ../../../Engine/Plugins/Media/ImgMedia/Binaries/Win64/UE4Editor-OpenExrWrapper.dll (API version 3709383).
LogModuleManager: Display: Found up-to-date module file ../../../Engine/Plugins/Media/MediaCompositing/Binaries/Win64/UE4Editor-MediaCompositing.dll (API version 3709383).
LogModuleManager: Display: Found up-to-date module file ../../../Engine/Plugins/Media/MediaCompositing/Binaries/Win64/UE4Editor-MediaCompositingEditor.dll (API version 3709383).
LogModuleManager: Display: Found up-to-date module file ../../../Engine/Plugins/Media/MediaPlayerEditor/Binaries/Win64/UE4Editor-MediaPlayerEditor.dll (API version 3709383).
LogModuleManager: Display: Found up-to-date module file ../../../Engine/Plugins/Media/WmfMedia/Binaries/Win64/UE4Editor-WmfMedia.dll (API version 3709383).
LogModuleManager: Display: Found up-to-date module file ../../../Engine/Plugins/Media/WmfMedia/Binaries/Win64/UE4Editor-WmfMediaEditor.dll (API version 3709383).
LogModuleManager: Display: Found up-to-date module file ../../../Engine/Plugins/Media/WmfMedia/Binaries/Win64/UE4Editor-WmfMediaFactory.dll (API version 3709383).
LogModuleManager: Display: Found up-to-date module file ../../../Engine/Plugins/Media/WmfMedia/Binaries/Win64/UE4Editor-WmfMediaFactory.dll (API version 3709383).
LogModuleManager: Display: Found up-to-date module file ../../../Engine/Plugins/Messaging/TcpMessaging/Binaries/Win64/UE4Editor-TcpMessaging.dll (API version 3709383).
LogModuleManager: Display: Found up-to-date module file ../../../Engine/Plugins/Messaging/UdpMessaging/Binaries/Win64/UE4Editor-UdpMessaging.dll (API version 3709383).
LogModuleManager: Display: Found up-to-date module file ../../../Engine/Plugins/MovieScene/ActorSequence/Binaries/Win64/UE4Editor-ActorSequence.dll (API version 3709383).
LogModuleManager: Display: Found up-to-date module file ../../../Engine/Plugins/MovieScene/LevelSequenceEditor/Binaries/Win64/UE4Editor-LevelSequenceEditor.dll (API version 3709383).
LogModuleManager: Display: Found up-to-date module file ../../../Engine/Plugins/MovieScene/MatineeToLevelSequence/Binaries/Win64/UE4Editor-MatineeToLevelSequence.dll (API version 3709383).
LogModuleManager: Display: Found up-to-date module file ../../../Engine/Plugins/Online/OnlineSubsystem/Binaries/Win64/UE4Editor-OnlineSubsystem.dll (API version 3709383).
LogModuleManager: Display: Found up-to-date module file ../../../Engine/Plugins/Runtime/AndroidPermission/Binaries/Win64/UE4Editor-AndroidPermission.dll (API version 3709383).
LogModuleManager: Display: Found up-to-date module file ../../../Engine/Plugins/Online/OnlineSubsystemNull/Binaries/Win64/UE4Editor-OnlineSubsystemNull.dll (API version 3709383).
LogModuleManager: Display: Found up-to-date module file ../../../Engine/Plugins/Online/OnlineSubsystemUtils/Binaries/Win64/UE4Editor-OnlineSubsystemUtils.dll (API version 3709383).
LogModuleManager: Display: Found up-to-date module file ../../../Engine/Plugins/Online/OnlineSubsystemUtils/Binaries/Win64/UE4Editor-OnlineBlueprintSupport.dll (API version 3709383).
LogModuleManager: Display: Found up-to-date module file ../../../Engine/Plugins/Runtime/AndroidDeviceProfileSelector/Binaries/Win64/UE4Editor-AndroidDeviceProfileSelector.dll (API version 3709383).
LogModuleManager: Display: Found up-to-date module file ../../../Engine/Plugins/Runtime/AppleARKit/Binaries/Win64/UE4Editor-AppleARKit.dll (API version 3709383).
LogModuleManager: Display: Found up-to-date module file ../../../Engine/Plugins/Runtime/ArchVisCharacter/Binaries/Win64/UE4Editor-ArchVisCharacter.dll (API version 3709383).
LogModuleManager: Display: Found up-to-date module file ../../../Engine/Plugins/Runtime/CableComponent/Binaries/Win64/UE4Editor-CableComponent.dll (API version 3709383).
LogModuleManager: Display: Found up-to-date module file ../../../Engine/Plugins/Runtime/CustomMeshComponent/Binaries/Win64/UE4Editor-CustomMeshComponent.dll (API version 3709383).
LogModuleManager: Display: Found up-to-date module file ../../../Engine/Plugins/Runtime/ExampleDeviceProfileSelector/Binaries/Win64/UE4Editor-ExampleDeviceProfileSelector.dll (API version 3709383).
LogModuleManager: Display: Found up-to-date module file ../../../Engine/Plugins/Runtime/ImmediatePhysics/Binaries/Win64/UE4Editor-ImmediatePhysics.dll (API version 3709383).
LogModuleManager: Display: Found up-to-date module file ../../../Engine/Plugins/Runtime/ImmediatePhysics/Binaries/Win64/UE4Editor-ImmediatePhysicsEditor.dll (API version 3709383).
LogModuleManager: Display: Found up-to-date module file ../../../Engine/Plugins/Runtime/LocationServicesBPLibrary/Binaries/Win64/UE4Editor-LocationServicesBPLibrary.dll (API version 3709383).
LogModuleManager: Display: Found up-to-date module file ../../../Engine/Plugins/Runtime/MobilePatchingUtils/Binaries/Win64/UE4Editor-MobilePatchingUtils.dll (API version 3709383).
LogModuleManager: Display: Found up-to-date module file ../../../Engine/Plugins/Runtime/Oculus/OculusVR/Binaries/Win64/UE4Editor-OculusHMD.dll (API version 3709383).
LogModuleManager: Display: Found up-to-date module file ../../../Engine/Plugins/Runtime/Oculus/OculusVR/Binaries/Win64/UE4Editor-OculusInput.dll (API version 3709383).
LogModuleManager: Display: Found up-to-date module file ../../../Engine/Plugins/Runtime/Oculus/OculusVR/Binaries/Win64/UE4Editor-OculusEditor.dll (API version 3709383).
LogModuleManager: Display: Found up-to-date module file ../../../Engine/Plugins/Runtime/PhysXVehicles/Binaries/Win64/UE4Editor-PhysXVehicles.dll (API version 3709383).
LogModuleManager: Display: Found up-to-date module file ../../../Engine/Plugins/Runtime/PhysXVehicles/Binaries/Win64/UE4Editor-PhysXVehiclesEditor.dll (API version 3709383).
LogModuleManager: Display: Found up-to-date module file ../../../Engine/Plugins/Runtime/ProceduralMeshComponent/Binaries/Win64/UE4Editor-ProceduralMeshComponent.dll (API version 3709383).
LogModuleManager: Display: Found up-to-date module file ../../../Engine/Plugins/Runtime/ProceduralMeshComponent/Binaries/Win64/UE4Editor-ProceduralMeshComponentEditor.dll (API version 3709383).
LogModuleManager: Display: Found up-to-date module file ../../../Engine/Plugins/Runtime/RuntimePhysXCooking/Binaries/Win64/UE4Editor-RuntimePhysXCooking.dll (API version 3709383).
LogModuleManager: Display: Found up-to-date module file ../../../Engine/Plugins/Runtime/Steam/SteamVR/Binaries/Win64/UE4Editor-SteamVR.dll (API version 3709383).
LogModuleManager: Display: Found up-to-date module file ../../../Engine/Plugins/Runtime/Steam/SteamVR/Binaries/Win64/UE4Editor-SteamVRController.dll (API version 3709383).
LogModuleManager: Display: Found up-to-date module file ../../../Engine/Plugins/Runtime/WindowsMoviePlayer/Binaries/Win64/UE4Editor-WindowsMoviePlayer.dll (API version 3709383).
LogPluginManager: Mounting plugin Paper2D
LogPluginManager: Mounting plugin LightPropagationVolume
LogPluginManager: Mounting plugin CodeLiteSourceCodeAccess
LogPluginManager: Mounting plugin GitSourceControl
LogPluginManager: Mounting plugin KDevelopSourceCodeAccess
LogPluginManager: Mounting plugin NullSourceCodeAccess
LogPluginManager: Mounting plugin PerforceSourceControl
LogPluginManager: Mounting plugin SubversionSourceControl
LogPluginManager: Mounting plugin UObjectPlugin
LogPluginManager: Mounting plugin VisualStudioCodeSourceCodeAccess
LogPluginManager: Mounting plugin VisualStudioSourceCodeAccess
LogPluginManager: Mounting plugin XCodeSourceCodeAccess
LogPluginManager: Mounting plugin AssetManagerEditor
LogPluginManager: Mounting plugin AudioCapture
LogPluginManager: Mounting plugin FacialAnimation
LogPluginManager: Mounting plugin GameplayTagsEditor
LogPluginManager: Mounting plugin MobileLauncherProfileWizard
LogPluginManager: Mounting plugin PluginBrowser
LogPluginManager: Mounting plugin SpeedTreeImporter
LogPluginManager: Mounting plugin AlembicImporter
LogPluginManager: Mounting plugin CharacterAI
LogPluginManager: Mounting plugin HTML5Networking
LogPluginManager: Mounting plugin AndroidMedia
LogPluginManager: Mounting plugin AvfMedia
LogPluginManager: Mounting plugin ImgMedia
LogPluginManager: Mounting plugin MediaCompositing
LogPluginManager: Mounting plugin MediaPlayerEditor
LogPluginManager: Mounting plugin WmfMedia
LogPluginManager: Mounting plugin TcpMessaging
LogPluginManager: Mounting plugin UdpMessaging
LogPluginManager: Mounting plugin ActorSequence
LogPluginManager: Mounting plugin LevelSequenceEditor
LogPluginManager: Mounting plugin MatineeToLevelSequence
LogPluginManager: Mounting plugin OnlineSubsystemGooglePlay
LogPluginManager: Mounting plugin OnlineSubsystemIOS
LogPluginManager: Mounting plugin OnlineSubsystem
LogPluginManager: Mounting plugin OnlineSubsystemNull
LogPluginManager: Mounting plugin OnlineSubsystemUtils
LogPluginManager: Mounting plugin AndroidDeviceProfileSelector
LogPluginManager: Mounting plugin AndroidMoviePlayer
LogPluginManager: Mounting plugin AndroidPermission
LogPluginManager: Mounting plugin AppleARKit
LogPluginManager: Mounting plugin AppleMoviePlayer
LogPluginManager: Mounting plugin ArchVisCharacter
LogPluginManager: Mounting plugin CableComponent
LogPluginManager: Mounting plugin CustomMeshComponent
LogPluginManager: Mounting plugin ExampleDeviceProfileSelector
LogPluginManager: Mounting plugin GoogleCloudMessaging
LogPluginManager: Mounting plugin ImmediatePhysics
LogPluginManager: Mounting plugin IOSDeviceProfileSelector
LogPluginManager: Mounting plugin LinuxDeviceProfileSelector
LogPluginManager: Mounting plugin LocationServicesBPLibrary
LogPluginManager: Mounting plugin MobilePatchingUtils
LogPluginManager: Mounting plugin OculusVR
LogPluginManager: Plugin shader directory ../../../Engine/Plugins/Runtime/Oculus/OculusVR/Shaders found
LogPluginManager: Mapping shader source directory ../../../Engine/Plugins/Runtime/Oculus/OculusVR/Shaders to virtual directory /Plugin/OculusVR
LogPluginManager: Mounting plugin PhysXVehicles
LogPluginManager: Mounting plugin ProceduralMeshComponent
LogPluginManager: Mounting plugin RuntimePhysXCooking
LogPluginManager: Mounting plugin SteamVR
LogPluginManager: Mounting plugin WindowsMoviePlayer
LogInit: Using libcurl 7.47.1
LogInit:  - built for x86_64-pc-win32
LogInit:  - supports SSL with OpenSSL/1.0.2g
LogInit:  - supports HTTP deflate (compression) using libz 1.2.8
LogInit:  - other features:
LogInit:      CURL_VERSION_SSL
LogInit:      CURL_VERSION_LIBZ
LogInit:      CURL_VERSION_IPV6
LogInit:      CURL_VERSION_ASYNCHDNS
LogInit:      CURL_VERSION_LARGEFILE
LogInit:      CURL_VERSION_IDN
LogInit:  CurlRequestOptions (configurable via config and command line):
LogInit:  - bVerifyPeer = false  - Libcurl will NOT verify peer certificate
LogInit:  - bUseHttpProxy = false  - Libcurl will NOT use HTTP proxy
LogInit:  - bDontReuseConnections = false  - Libcurl will reuse connections
LogInit:  - CertBundlePath = nullptr  - Libcurl will use whatever was configured at build time.
LogInit: Build: ++UE4+Release-4.18-CL-3794801
LogInit: Engine Version: 4.18.2-3794801+++UE4+Release-4.18
LogInit: Compatible Engine Version: 4.18.0-3709383+++UE4+Release-4.18
LogInit: Net CL: 3709383
LogDevObjectVersion: Number of dev versions registered: 16
LogDevObjectVersion:   Dev-Blueprints (B0D832E4-1F89-4F0D-ACCF-7EB736FD4AA2): 10
LogDevObjectVersion:   Dev-Build (E1C64328-A22C-4D53-A36C-8E866417BD8C): 0
LogDevObjectVersion:   Dev-Core (375EC13C-06E4-48FB-B500-84F0262A717E): 2
LogDevObjectVersion:   Dev-Editor (E4B068ED-F494-42E9-A231-DA0B2E46BB41): 20
LogDevObjectVersion:   Dev-Framework (CFFC743F-43B0-4480-9391-14DF171D2073): 30
LogDevObjectVersion:   Dev-Mobile (B02B49B5-BB20-44E9-A304-32B752E40360): 0
LogDevObjectVersion:   Dev-Networking (A4E4105C-59A1-49B5-A7C5-40C4547EDFEE): 0
LogDevObjectVersion:   Dev-Online (39C831C9-5AE6-47DC-9A44-9C173E1C8E7C): 0
LogDevObjectVersion:   Dev-Physics (78F01B33-EBEA-4F98-B9B4-84EACCB95AA2): 0
LogDevObjectVersion:   Dev-Platform (6631380F-2D4D-43E0-8009-CF276956A95A): 0
LogDevObjectVersion:   Dev-Rendering (12F88B9F-8875-4AFC-A67C-D90C383ABD29): 20
LogDevObjectVersion:   Dev-Sequencer (7B5AE74C-D270-4C10-A958-57980B212A5A): 4
LogDevObjectVersion:   Dev-VR (D7296918-1DD6-4BDD-9DE2-64A83CC13884): 0
LogDevObjectVersion:   Dev-LoadTimes (C2A15278-BFE7-4AFE-6C17-90FF531DF755): 1
LogDevObjectVersion:   Private-Geometry (6EACA3D4-40EC-4CC1-B786-8BED09428FC5): 1
LogDevObjectVersion:   Dev-AnimPhys (29E575DD-E0A3-4627-9D10-D276232CDCEA): 12
LogInit: Compiled (64-bit): Dec  8 2017 02:04:53
LogInit: Compiled with Visual C++: 19.00.24215.01
LogInit: Build Configuration: Development
LogInit: Branch Name: ++UE4+Release-4.18
LogInit: Command line:  
LogInit: Base directory: E:/Program Files/Epic Games/UE_4.18/Engine/Binaries/Win64/
LogInit: Installed Engine Build: 1
LogInit: Presizing for max 8388607 objects, including 0 objects not considered by GC, pre-allocating 0 bytes for permanent pool.
LogInit: Object subsystem initialized
[2018.01.10-17.45.41:502][  0]LogInit: Selected Device Profile: [Windows]
[2018.01.10-17.45.41:502][  0]LogInit: Applying CVar settings loaded from the selected device profile: [Windows]
[2018.01.10-17.45.41:610][  0]LogInit: Computer: IMPEROR
[2018.01.10-17.45.41:610][  0]LogInit: User: kannebankai
[2018.01.10-17.45.41:610][  0]LogInit: CPU Page size=4096, Cores=4
[2018.01.10-17.45.41:610][  0]LogInit: High frequency timer resolution =3.914060 MHz
[2018.01.10-17.45.41:611][  0]LogMemory: Memory total: Physical=15.9GB (16GB approx)
[2018.01.10-17.45.41:611][  0]LogMemory: Platform Memory Stats for Windows
[2018.01.10-17.45.41:611][  0]LogMemory: Process Physical Memory: 275.66 MB used, 275.66 MB peak
[2018.01.10-17.45.41:611][  0]LogMemory: Process Virtual Memory: 269.70 MB used, 269.70 MB peak
[2018.01.10-17.45.41:611][  0]LogMemory: Physical Memory: 10876.27 MB used,  5424.88 MB free, 16301.14 MB total
[2018.01.10-17.45.41:611][  0]LogMemory: Virtual Memory: 663.90 MB used,  5424.88 MB free, 134217728.00 MB total
[2018.01.10-17.45.42:144][  0]LogInit: Using OS detected language (fr-FR).
[2018.01.10-17.45.42:144][  0]LogInit: Using OS detected locale (fr-FR).
[2018.01.10-17.45.42:289][  0]LogTextLocalizationManager: No localization for 'fr-FR' exists, so 'en' will be used for the language.
[2018.01.10-17.45.42:290][  0]LogTextLocalizationManager: No localization for 'fr-FR' exists, so 'en' will be used for the locale.
[2018.01.10-17.45.42:955][  0]LogInit: Setting process to per monitor DPI aware
[2018.01.10-17.45.44:125][  0]LogD3D11RHI: D3D11 adapters:
[2018.01.10-17.45.44:164][  0]LogD3D11RHI:    0. 'NVIDIA GeForce GTX 960' (Feature Level 11_0)
[2018.01.10-17.45.44:164][  0]LogD3D11RHI:       4062/0/8150 MB DedicatedVideo/DedicatedSystem/SharedSystem, Outputs:2, VendorId:0x10de
[2018.01.10-17.45.44:166][  0]LogD3D11RHI:    1. 'Microsoft Basic Render Driver' (Feature Level 11_0)
[2018.01.10-17.45.44:166][  0]LogD3D11RHI:       0/0/8150 MB DedicatedVideo/DedicatedSystem/SharedSystem, Outputs:0, VendorId:0x1414
[2018.01.10-17.45.44:166][  0]LogD3D11RHI: Chosen D3D11 Adapter: 0
[2018.01.10-17.45.44:207][  0]LogD3D11RHI: Creating new Direct3DDevice
[2018.01.10-17.45.44:207][  0]LogD3D11RHI:     GPU DeviceId: 0x1401 (for the marketing name, search the web for "GPU Device Id")
[2018.01.10-17.45.44:207][  0]LogWindows: EnumDisplayDevices:
[2018.01.10-17.45.44:207][  0]LogWindows:    0. 'NVIDIA GeForce GTX 960' (P:1 D:1)
[2018.01.10-17.45.44:208][  0]LogWindows:    1. 'NVIDIA GeForce GTX 960' (P:0 D:1)
[2018.01.10-17.45.44:208][  0]LogWindows:    2. 'NVIDIA GeForce GTX 960' (P:0 D:0)
[2018.01.10-17.45.44:208][  0]LogWindows:    3. 'NVIDIA GeForce GTX 960' (P:0 D:0)
[2018.01.10-17.45.44:208][  0]LogWindows: DebugString: GetVideoDriverDetailsInvalid PrimaryIsNotTheChoosenAdapter GetVideoDriverDetailsInvalid PrimaryIsNotTheChoosenAdapter GetVideoDriverDetailsInvalid PrimaryIsNotTheChoosenAdapter GetVideoDriverDetailsInvalid PrimaryIsNotTheChoosenAdapter FoundDriverCount:0 
[2018.01.10-17.45.44:208][  0]LogD3D11RHI:     Adapter Name: NVIDIA GeForce GTX 960
[2018.01.10-17.45.44:208][  0]LogD3D11RHI:   Driver Version: Unknown (internal:Unknown, unified:Unknown)
[2018.01.10-17.45.44:208][  0]LogD3D11RHI:      Driver Date: Unknown
[2018.01.10-17.45.44:208][  0]LogRHI: Texture pool is 2843 MB (70% of 4062 MB)
[2018.01.10-17.45.44:244][  0]LogD3D11RHI: Async texture creation enabled
[2018.01.10-17.45.44:523][  0]LogD3D11RHI: GPU Timing Frequency: 1000.000000 (Debug: 2 1)
[2018.01.10-17.45.44:568][  0]LogShaderCompilers: Guid format shader working directory is -36 characters bigger than the processId version (../../../../../../Users/kannebankai/Documents/Unreal Projects/Lightning_Project-master3/Intermediate/Shaders/WorkingDirectory/25336/).
[2018.01.10-17.45.44:568][  0]LogShaderCompilers: Cleaned the shader compiler working directory 'C:/Users/kannebankai/AppData/Local/Temp/UnrealShaderWorkingDir/759556FE4C9ADDA0B250E780662D24B1/'.
[2018.01.10-17.45.44:568][  0]LogShaderCompilers: Display: Using Local Shader Compiler.
[2018.01.10-17.45.46:496][  0]LogTemp: Display: Loaded TP AllDesktopTargetPlatform
[2018.01.10-17.45.46:544][  0]LogTemp: Display: Loaded TP MacClientTargetPlatform
[2018.01.10-17.45.46:594][  0]LogTemp: Display: Loaded TP MacNoEditorTargetPlatform
[2018.01.10-17.45.46:645][  0]LogTemp: Display: Loaded TP MacServerTargetPlatform
[2018.01.10-17.45.46:716][  0]LogTemp: Display: Loaded TP MacTargetPlatform
[2018.01.10-17.45.46:772][  0]LogTemp: Display: Loaded TP WindowsClientTargetPlatform
[2018.01.10-17.45.46:823][  0]LogTemp: Display: Loaded TP WindowsNoEditorTargetPlatform
[2018.01.10-17.45.46:874][  0]LogTemp: Display: Loaded TP WindowsServerTargetPlatform
[2018.01.10-17.45.46:915][  0]LogTemp: Display: Loaded TP WindowsTargetPlatform
[2018.01.10-17.45.46:961][  0]LogTemp: Display: Loaded TP Android_ASTCTargetPlatform
[2018.01.10-17.45.47:007][  0]LogTemp: Display: Loaded TP Android_ATCTargetPlatform
[2018.01.10-17.45.47:052][  0]LogTemp: Display: Loaded TP Android_DXTTargetPlatform
[2018.01.10-17.45.47:098][  0]LogTemp: Display: Loaded TP Android_ETC1TargetPlatform
[2018.01.10-17.45.47:142][  0]LogTemp: Display: Loaded TP Android_ETC2TargetPlatform
[2018.01.10-17.45.47:246][  0]LogTemp: Display: Loaded TP Android_MultiTargetPlatform
[2018.01.10-17.45.47:246][  0]LogTemp: Display: Loaded TP Android_PVRTCTargetPlatform
[2018.01.10-17.45.47:294][  0]LogTemp: Display: Loaded TP AndroidTargetPlatform
[2018.01.10-17.45.47:333][  0]LogTemp: Display: Loaded TP HTML5TargetPlatform
[2018.01.10-17.45.47:452][  0]LogTemp: Display: Loaded TP IOSTargetPlatform
[2018.01.10-17.45.47:473][  0]LogTemp: Display: Loaded TP TVOSTargetPlatform
[2018.01.10-17.45.47:524][  0]LogTemp: Display: Loaded TP LinuxClientTargetPlatform
[2018.01.10-17.45.47:572][  0]LogTemp: Display: Loaded TP LinuxNoEditorTargetPlatform
[2018.01.10-17.45.47:622][  0]LogTemp: Display: Loaded TP LinuxServerTargetPlatform
[2018.01.10-17.45.47:695][  0]LogTemp: Display: Loaded TP LinuxTargetPlatform
[2018.01.10-17.45.47:695][  0]LogTargetPlatformManager: Display: Building Assets For Windows
[2018.01.10-17.45.48:724][  0]LogDerivedDataCache: Display: Max Cache Size: 512 MB
[2018.01.10-17.45.49:009][  0]LogDerivedDataCache: Loaded boot cache 0.28s 78MB C:/Users/kannebankai/AppData/Local/UnrealEngine/4.18/DerivedDataCache/Boot.ddc.
[2018.01.10-17.45.49:009][  0]LogDerivedDataCache: Display: Loaded Boot cache: C:/Users/kannebankai/AppData/Local/UnrealEngine/4.18/DerivedDataCache/Boot.ddc
[2018.01.10-17.45.49:009][  0]LogDerivedDataCache: FDerivedDataBackendGraph:  Pak pak cache file ../../../../../../Users/kannebankai/Documents/Unreal Projects/Lightning_Project-master3/DerivedDataCache/DDC.ddp not found, will not use a pak cache.
[2018.01.10-17.45.49:009][  0]LogDerivedDataCache: Unable to find inner node Pak for hierarchical cache Hierarchy.
[2018.01.10-17.45.49:009][  0]LogDerivedDataCache: FDerivedDataBackendGraph:  CompressedPak pak cache file ../../../../../../Users/kannebankai/Documents/Unreal Projects/Lightning_Project-master3/DerivedDataCache/Compressed.ddp not found, will not use a pak cache.
[2018.01.10-17.45.49:009][  0]LogDerivedDataCache: Unable to find inner node CompressedPak for hierarchical cache Hierarchy.
[2018.01.10-17.45.49:053][  0]LogDerivedDataCache: Display: Pak cache opened for reading ../../../Engine/DerivedDataCache/Compressed.ddp.
[2018.01.10-17.45.49:066][  0]LogDerivedDataCache: Using Local data cache path C:/Users/kannebankai/AppData/Local/UnrealEngine/Common/DerivedDataCache: Writable
[2018.01.10-17.45.49:113][  0]LogMaterial: Verifying Global Shaders for PCD3D_SM5
[2018.01.10-17.45.49:194][  0]LogSlate: Using Freetype 2.6.0
[2018.01.10-17.45.49:266][  0]LogSlate: SlateFontCache - WITH_FREETYPE: 1, WITH_HARFBUZZ: 1
[2018.01.10-17.45.49:277][  0]LogSlate: SlateFontCache - WITH_FREETYPE: 1, WITH_HARFBUZZ: 1
[2018.01.10-17.45.54:636][  0]LogInit: Selected Device Profile: [Windows]
[2018.01.10-17.45.56:160][  0]LogSimplygon: Simplygon DLL not present - disabling.
[2018.01.10-17.45.56:271][  0]LogMeshReduction: Using SimplygonSwarm for distributed automatic mesh merging
[2018.01.10-17.45.56:272][  0]LogMeshReduction: Using QuadricMeshReduction for automatic static mesh reduction
[2018.01.10-17.45.56:272][  0]LogMeshReduction: No automatic skeletal mesh reduction module available
[2018.01.10-17.45.56:272][  0]LogMeshReduction: No automatic mesh merging module available
[2018.01.10-17.45.56:272][  0]LogMeshMerging: No automatic mesh merging module available
[2018.01.10-17.45.56:553][  0]LogNetVersion: Lightning , NetCL: 3709383, EngineNetVer: 2, GameNetVer: 0 (Checksum: 3431807567)
[2018.01.10-17.45.57:398][  0]LogAssetRegistry: FAssetRegistry took 0.0395 seconds to start up
[2018.01.10-17.46.01:938][  0]LogPackageLocalizationCache: Processed 7 localized package path(s) for 1 prioritized culture(s) in 0.136295 seconds
[2018.01.10-17.46.01:948][  0]LogUObjectArray: 35900 objects as part of root set at end of initial load.
[2018.01.10-17.46.01:948][  0]LogUObjectAllocator: 7372016 out of 0 bytes used by permanent object pool.
[2018.01.10-17.46.01:948][  0]LogUObjectArray: CloseDisregardForGC: 0/0 objects in disregard for GC pool
[2018.01.10-17.46.02:024][  0]LogInit: WinSock: version 1.1 (2.2), MaxSocks=32767, MaxUdp=65467
[2018.01.10-17.46.10:234][  0]LogTcpMessaging: Initializing TcpMessaging bridge
[2018.01.10-17.46.10:314][  0]LogUdpMessaging: Initializing bridge on interface 0.0.0.0:0 to multicast group 230.0.0.1:6666.
[2018.01.10-17.46.12:030][  0]LogMaterial: Uniform references updated for custom material expression Custom.
[2018.01.10-17.46.12:841][  0]SourceControl: Source control is disabled
[2018.01.10-17.46.12:841][  0]SourceControl: Source control is disabled
[2018.01.10-17.46.12:970][  0]SourceControl: Source control is disabled
[2018.01.10-17.46.13:079][  0]SourceControl: Source control is disabled
[2018.01.10-17.46.15:167][  0]LogAndroidPermission: UAndroidPermissionCallbackProxy::GetInstance
[2018.01.10-17.46.15:582][  0]LogOcInput: OculusInput pre-init called
[2018.01.10-17.46.17:083][  0]LogEngine: Initializing Engine...
[2018.01.10-17.46.17:157][  0]LogHMD: Failed to initialize OpenVR with code 110
[2018.01.10-17.46.17:960][  0]LogStats: UGameplayTagsManager::ConstructGameplayTagTree: Construct from data asset -  0.000 s
[2018.01.10-17.46.17:960][  0]LogStats: UGameplayTagsManager::ConstructGameplayTagTree: GameplayTagTreeChangedEvent.Broadcast -  0.000 s
[2018.01.10-17.46.19:331][  0]LogAIModule: Creating AISystem for world Untitled
[2018.01.10-17.46.19:570][  0]LogInit: XAudio2 using 'Haut-parleurs (Realtek High Definition Audio)' : 2 channels at 48 kHz using 32 bits per sample (channel mask 0x3)
[2018.01.10-17.46.19:606][  0]LogInit: FAudioDevice initialized.
[2018.01.10-17.46.19:700][  0]LogDerivedDataCache: Saved boot cache 0.07s 78MB C:/Users/kannebankai/AppData/Local/UnrealEngine/4.18/DerivedDataCache/Boot.ddc.
[2018.01.10-17.46.19:711][  0]LogInit: Texture streaming: Enabled
[2018.01.10-17.46.19:910][  0]LogEngineSessionManager: EngineSessionManager initialized
[2018.01.10-17.46.20:300][  0]LogInit: Transaction tracking system initialized
[2018.01.10-17.46.21:044][  0]BlueprintLog: New page: Editor Load
[2018.01.10-17.46.23:023][  0]LocalizationService: Localization service is disabled
[2018.01.10-17.46.24:696][  0]LogConsoleResponse: Display: 
[2018.01.10-17.46.26:259][  0]LogCook: Display: Max memory allowance for cook 16384mb min free memory 0mb
[2018.01.10-17.46.26:259][  0]LogCook: Display: Mobile HDR setting 1
[2018.01.10-17.46.26:269][  0]LogGameplayTags: Display: UGameplayTagsManager::DoneAddingNativeTags. DelegateIsBound: 0
[2018.01.10-17.46.27:698][  0]LogFileCache: Scanning file cache for directory 'E:/Users/kannebankai/Documents/Unreal Projects/Lightning_Project-master3/Content/' took 0.22s
[2018.01.10-17.46.29:015][  0]SourceControl: Source control is disabled
[2018.01.10-17.46.29:047][  0]Cmd: MAP LOAD FILE="../../../../../../Users/kannebankai/Documents/Unreal Projects/Lightning_Project-master3/Content/Maps/FirstMap.umap" TEMPLATE=0 SHOWPROGRESS=1 FEATURELEVEL=3
[2018.01.10-17.46.29:113][  0]LightingResults: New page: Lighting Build
[2018.01.10-17.46.29:367][  0]MapCheck: New page: Map Check
[2018.01.10-17.46.29:367][  0]LightingResults: New page: Lighting Build
[2018.01.10-17.46.31:630][  0]LogAIModule: Creating AISystem for world FirstMap
[2018.01.10-17.46.32:104][  0]LogStreaming: Display: ULevelStreaming::RequestLevel(/Game/Maps/m1) is flushing async loading
[2018.01.10-17.46.32:724][  0]LogStreaming: Display: ULevelStreaming::RequestLevel(/Game/Maps/m2) is flushing async loading
[2018.01.10-17.46.33:893][  0]LogStreaming: Display: ULevelStreaming::RequestLevel(/Game/Maps/m3) is flushing async loading
[2018.01.10-17.46.34:674][  0]LogMaterial: Missing cached shader map for material 07_-_Default, compiling. 
[2018.01.10-17.46.34:720][  0]LogMaterial: Warning: E:\Users\kannebankai\Documents\Unreal Projects\Lightning_Project-master3\Content\Assets\SandRoom\07_-_Default.uasset: Failed to compile Material for platform PCD3D_SM5, Default Material will be used in game.
[2018.01.10-17.46.34:720][  0]LogMaterial: 	(Node TextureSample) Texture Sample> Missing input texture
[2018.01.10-17.46.34:747][  0]LogStreaming: Display: ULevelStreaming::RequestLevel(/Game/Maps/m4) is flushing async loading
[2018.01.10-17.46.35:522][  0]LogStreaming: Display: ULevelStreaming::RequestLevel(/Game/Maps/m5) is flushing async loading
[2018.01.10-17.46.36:087][  0]LogStreaming: Display: ULevelStreaming::RequestLevel(/Game/Maps/m6) is flushing async loading
[2018.01.10-17.46.36:347][  0]LogStreaming: Display: ULevelStreaming::RequestLevel(/Game/Maps/m7) is flushing async loading
[2018.01.10-17.46.36:582][  0]LogStreaming: Display: ULevelStreaming::RequestLevel(/Game/Maps/m8) is flushing async loading
[2018.01.10-17.46.37:953][  0]LogStreaming: Display: ULevelStreaming::RequestLevel(/Game/Maps/m9) is flushing async loading
[2018.01.10-17.46.38:473][  0]LogEditorServer: Finished looking for orphan Actors (0.000 secs)
[2018.01.10-17.46.38:805][  0]Cmd: MAP CHECKDEP NOCLEARLOG
[2018.01.10-17.46.38:941][  0]MapCheck: Map check complete: 0 Error(s), 0 Warning(s), took 130.457ms to complete.
[2018.01.10-17.46.38:942][  0]LogFileHelpers: Loading map 'FirstMap' took 9.917
[2018.01.10-17.46.41:191][  0]LogCollectionManager: Loaded 0 collections in 0.001561 seconds
[2018.01.10-17.46.41:384][  0]LogFileCache: Scanning file cache for directory 'E:/Users/kannebankai/Documents/Unreal Projects/Lightning_Project-master3/Saved/Collections/' took 0.01s
[2018.01.10-17.46.41:384][  0]LogFileCache: Scanning file cache for directory 'E:/Users/kannebankai/Documents/Unreal Projects/Lightning_Project-master3/Content/Developers/kannebankai/Collections/' took 0.01s
[2018.01.10-17.46.41:384][  0]LogFileCache: Scanning file cache for directory 'E:/Users/kannebankai/Documents/Unreal Projects/Lightning_Project-master3/Content/Collections/' took 0.01s
[2018.01.10-17.46.41:384][  0]LogCollectionManager: Rebuilt the GUID cache for 0 collections in 0.000001 seconds
[2018.01.10-17.46.41:394][  0]LogContentBrowser: Native class hierarchy populated in 0.0089 seconds. Added 2363 classes and 519 folders.
[2018.01.10-17.46.41:569][  0]LogContentBrowser: Native class hierarchy updated for 'WidgetCarousel' in 0.0003 seconds. Added 0 classes and 0 folders.
[2018.01.10-17.46.42:231][  0]LogContentBrowser: Native class hierarchy updated for 'AddContentDialog' in 0.0002 seconds. Added 0 classes and 0 folders.
[2018.01.10-17.46.42:391][  0]LogContentBrowser: Native class hierarchy updated for 'SceneOutliner' in 0.0003 seconds. Added 1 classes and 2 folders.
[2018.01.10-17.46.42:611][  0]LogContentBrowser: Native class hierarchy updated for 'WorldBrowser' in 0.0005 seconds. Added 2 classes and 3 folders.
[2018.01.10-17.46.43:247][  0]LogSlate: Took 0.009983 seconds to synchronously load lazily loaded font '../../../Engine/Content/Slate/Fonts/Roboto-Regular.ttf' (155K)
[2018.01.10-17.46.43:263][  0]LogSlate: Took 0.004505 seconds to synchronously load lazily loaded font '../../../Engine/Content/Slate/Fonts/Roboto-Bold.ttf' (160K)
[2018.01.10-17.46.43:362][  0]LogSlate: Took 0.010748 seconds to synchronously load lazily loaded font '../../../Engine/Content/Editor/Slate/Fonts/FontAwesome.ttf' (139K)
[2018.01.10-17.46.43:929][  0]LogRenderer: Reallocating scene render targets to support 1024x1024 Format 10 NumSamples 1 (Frame:1).
[2018.01.10-17.46.44:212][  0]LogRenderer: Reallocating scene render targets to support 1208x1024 Format 10 NumSamples 1 (Frame:1).
[2018.01.10-17.46.44:590][  0]LogContentBrowser: Native class hierarchy updated for 'HierarchicalLODOutliner' in 0.0003 seconds. Added 1 classes and 2 folders.
[2018.01.10-17.46.44:590][  0]LogLoad: (Engine Initialization) Total time: 74.52 seconds
[2018.01.10-17.46.44:590][  0]LogLoad: (Engine Initialization) Total Blueprint compile time: 0.00 seconds
[2018.01.10-17.46.44:603][  0]LogExternalProfiler: No external profilers were discovered.  External profiling features will not be available.
[2018.01.10-17.46.45:139][  0]LogContentStreaming: Texture pool size now 1000 MB
[2018.01.10-17.46.46:537][  1]LogSlate: Took 0.010556 seconds to synchronously load lazily loaded font '../../../Engine/Content/Slate/Fonts/Roboto-Light.ttf' (159K)
[2018.01.10-17.46.46:935][  4]LogAssetRegistry: Asset discovery search completed in 49.5581 seconds
[2018.01.10-17.46.47:089][  4]LogCollectionManager: Rebuilt the object cache for 0 collections in 0.000001 seconds (found 0 objects)
[2018.01.10-17.46.47:089][  4]LogCollectionManager: Fixed up redirectors for 0 collections in 0.011500 seconds (updated 0 objects)
[2018.01.10-17.46.50:619][228]LogFileCache: Retrieving MD5 hashes for directory 'E:/Users/kannebankai/Documents/Unreal Projects/Lightning_Project-master3/Content/' took 5.93s
[2018.01.10-18.06.30:415][226]LogTemp: Repeating last play command: Selected Viewport
[2018.01.10-18.06.30:758][226]LogBlueprintUserMessages: Early PlayInEditor Detection: Level '/Game/Maps/FirstMap.FirstMap:PersistentLevel' has LevelScriptBlueprint '/Game/Maps/FirstMap.FirstMap:PersistentLevel.FirstMap' with GeneratedClass '/Game/Maps/FirstMap.FirstMap_C' with ClassGeneratedBy '/Game/Maps/FirstMap.FirstMap:PersistentLevel.FirstMap'
[2018.01.10-18.06.30:758][226]LogBlueprintUserMessages: Early PlayInEditor Detection: Level '/Game/Maps/m1.m1:PersistentLevel' has LevelScriptBlueprint '/Game/Maps/m1.m1:PersistentLevel.m1' with GeneratedClass '/Game/Maps/m1.m1_C' with ClassGeneratedBy '/Game/Maps/m1.m1:PersistentLevel.m1'
[2018.01.10-18.06.30:758][226]LogBlueprintUserMessages: Early PlayInEditor Detection: Level '/Game/Maps/m4.m4:PersistentLevel' has LevelScriptBlueprint '/Game/Maps/m4.m4:PersistentLevel.m4' with GeneratedClass '/Game/Maps/m4.m4_C' with ClassGeneratedBy '/Game/Maps/m4.m4:PersistentLevel.m4'
[2018.01.10-18.06.30:758][226]LogBlueprintUserMessages: Early PlayInEditor Detection: Level '/Game/Maps/m7.m7:PersistentLevel' has LevelScriptBlueprint '/Game/Maps/m7.m7:PersistentLevel.m7' with GeneratedClass '/Game/Maps/m7.m7_C' with ClassGeneratedBy '/Game/Maps/m7.m7:PersistentLevel.m7'
[2018.01.10-18.06.30:788][226]LogPlayLevel: PlayLevel: No blueprints needed recompiling
[2018.01.10-18.06.30:952][226]PIE: New page: PIE session: FirstMap (Jan 10, 2018, 8:06:30 PM)
[2018.01.10-18.06.30:957][226]LogPlayLevel: Creating play world package: /Game/Maps/UEDPIE_0_FirstMap
[2018.01.10-18.06.31:023][226]LogPlayLevel: PIE: StaticDuplicateObject took: (0.065125s)
[2018.01.10-18.06.31:024][226]LogAIModule: Creating AISystem for world FirstMap
[2018.01.10-18.06.31:039][226]LogPlayLevel: PIE: World Init took: (0.016346s)
[2018.01.10-18.06.31:040][226]LogPlayLevel: PIE: Created PIE world by copying editor world from /Game/Maps/FirstMap.FirstMap to /Game/Maps/UEDPIE_0_FirstMap.FirstMap (0.081834s)
[2018.01.10-18.06.31:094][226]LogInit: XAudio2 using 'Haut-parleurs (Realtek High Definition Audio)' : 2 channels at 48 kHz using 32 bits per sample (channel mask 0x3)
[2018.01.10-18.06.31:153][226]LogInit: FAudioDevice initialized.
[2018.01.10-18.06.32:285][226]LogLoad: Game class is 'LightningBasicMode_C'
[2018.01.10-18.06.32:374][226]LogWorld: Bringing World /Game/Maps/UEDPIE_0_FirstMap.FirstMap up for play (max tick rate 0) at 2018.01.10-19.06.32
[2018.01.10-18.06.32:439][226]LogWorld: Bringing up level for play took: 0.074359
[2018.01.10-18.06.33:849][226]LogContentBrowser: Native class hierarchy updated for 'MovieSceneCapture' in 0.0137 seconds. Added 11 classes and 0 folders.
[2018.01.10-18.06.34:334][226]PIE: Play in editor start time for /Game/Maps/UEDPIE_0_FirstMap 2.981
[2018.01.10-18.06.34:335][226]LogBlueprintUserMessages: Late PlayInEditor Detection: Level '/Game/Maps/FirstMap.FirstMap:PersistentLevel' has LevelScriptBlueprint '/Game/Maps/FirstMap.FirstMap:PersistentLevel.FirstMap' with GeneratedClass '/Game/Maps/FirstMap.FirstMap_C' with ClassGeneratedBy '/Game/Maps/FirstMap.FirstMap:PersistentLevel.FirstMap'
[2018.01.10-18.06.34:335][226]LogBlueprintUserMessages: Late PlayInEditor Detection: Level '/Game/Maps/m1.m1:PersistentLevel' has LevelScriptBlueprint '/Game/Maps/m1.m1:PersistentLevel.m1' with GeneratedClass '/Game/Maps/m1.m1_C' with ClassGeneratedBy '/Game/Maps/m1.m1:PersistentLevel.m1'
[2018.01.10-18.06.34:335][226]LogBlueprintUserMessages: Late PlayInEditor Detection: Level '/Game/Maps/m4.m4:PersistentLevel' has LevelScriptBlueprint '/Game/Maps/m4.m4:PersistentLevel.m4' with GeneratedClass '/Game/Maps/m4.m4_C' with ClassGeneratedBy '/Game/Maps/m4.m4:PersistentLevel.m4'
[2018.01.10-18.06.34:335][226]LogBlueprintUserMessages: Late PlayInEditor Detection: Level '/Game/Maps/m7.m7:PersistentLevel' has LevelScriptBlueprint '/Game/Maps/m7.m7:PersistentLevel.m7' with GeneratedClass '/Game/Maps/m7.m7_C' with ClassGeneratedBy '/Game/Maps/m7.m7:PersistentLevel.m7'
[2018.01.10-18.07.06:778][528]LogBlueprintUserMessages: Early EndPlayMap Detection: Level '/Game/Maps/FirstMap.FirstMap:PersistentLevel' has LevelScriptBlueprint '/Game/Maps/FirstMap.FirstMap:PersistentLevel.FirstMap' with GeneratedClass '/Game/Maps/FirstMap.FirstMap_C' with ClassGeneratedBy '/Game/Maps/FirstMap.FirstMap:PersistentLevel.FirstMap'
[2018.01.10-18.07.06:778][528]LogBlueprintUserMessages: Early EndPlayMap Detection: Level '/Game/Maps/m1.m1:PersistentLevel' has LevelScriptBlueprint '/Game/Maps/m1.m1:PersistentLevel.m1' with GeneratedClass '/Game/Maps/m1.m1_C' with ClassGeneratedBy '/Game/Maps/m1.m1:PersistentLevel.m1'
[2018.01.10-18.07.06:778][528]LogBlueprintUserMessages: Early EndPlayMap Detection: Level '/Game/Maps/m4.m4:PersistentLevel' has LevelScriptBlueprint '/Game/Maps/m4.m4:PersistentLevel.m4' with GeneratedClass '/Game/Maps/m4.m4_C' with ClassGeneratedBy '/Game/Maps/m4.m4:PersistentLevel.m4'
[2018.01.10-18.07.06:779][528]LogBlueprintUserMessages: Early EndPlayMap Detection: Level '/Game/Maps/m7.m7:PersistentLevel' has LevelScriptBlueprint '/Game/Maps/m7.m7:PersistentLevel.m7' with GeneratedClass '/Game/Maps/m7.m7_C' with ClassGeneratedBy '/Game/Maps/m7.m7:PersistentLevel.m7'
[2018.01.10-18.07.06:964][528]LogBlueprintUserMessages: Late EndPlayMap Detection: Level '/Game/Maps/FirstMap.FirstMap:PersistentLevel' has LevelScriptBlueprint '/Game/Maps/FirstMap.FirstMap:PersistentLevel.FirstMap' with GeneratedClass '/Game/Maps/FirstMap.FirstMap_C' with ClassGeneratedBy '/Game/Maps/FirstMap.FirstMap:PersistentLevel.FirstMap'
[2018.01.10-18.07.06:964][528]LogBlueprintUserMessages: Late EndPlayMap Detection: Level '/Game/Maps/m1.m1:PersistentLevel' has LevelScriptBlueprint '/Game/Maps/m1.m1:PersistentLevel.m1' with GeneratedClass '/Game/Maps/m1.m1_C' with ClassGeneratedBy '/Game/Maps/m1.m1:PersistentLevel.m1'
[2018.01.10-18.07.06:964][528]LogBlueprintUserMessages: Late EndPlayMap Detection: Level '/Game/Maps/m4.m4:PersistentLevel' has LevelScriptBlueprint '/Game/Maps/m4.m4:PersistentLevel.m4' with GeneratedClass '/Game/Maps/m4.m4_C' with ClassGeneratedBy '/Game/Maps/m4.m4:PersistentLevel.m4'
[2018.01.10-18.07.06:964][528]LogBlueprintUserMessages: Late EndPlayMap Detection: Level '/Game/Maps/m7.m7:PersistentLevel' has LevelScriptBlueprint '/Game/Maps/m7.m7:PersistentLevel.m7' with GeneratedClass '/Game/Maps/m7.m7_C' with ClassGeneratedBy '/Game/Maps/m7.m7:PersistentLevel.m7'
[2018.01.10-18.07.07:077][528]LogActorComponent: ReregisterComponent: (/Game/Maps/FirstMap.FirstMap:PersistentLevel.CinemaScreen.MediaSound.AudioComponent_0) Not currently registered. Aborting.
[2018.01.10-18.07.09:024][646]LogWindowsTextInputMethodSystem: Display: IME system now deactivated.
[2018.01.10-18.07.09:549][647]Cmd: QUIT_EDITOR
[2018.01.10-18.07.10:290][647]LogExit: Preparing to exit.
[2018.01.10-18.07.10:930][647]LogDirectoryWatcher: A directory notification for 'E:/Users/kannebankai/Documents/Unreal Projects/Lightning_Project-master3/Content/' was aborted.
[2018.01.10-18.07.11:003][647]LogExit: Editor shut down
[2018.01.10-18.07.11:009][647]LogExit: Transaction tracking system shut down
[2018.01.10-18.07.11:321][647]LogDirectoryWatcher: A directory notification for '../../../Engine/Content/' was aborted.
[2018.01.10-18.07.11:321][647]LogDirectoryWatcher: A directory notification for '../../../../../../Users/kannebankai/Documents/Unreal Projects/Lightning_Project-master3/Content/' was aborted.
[2018.01.10-18.07.11:321][647]LogDirectoryWatcher: A directory notification for '../../../Engine/Plugins/2D/Paper2D/Content/' was aborted.
[2018.01.10-18.07.11:321][647]LogDirectoryWatcher: A directory notification for '../../../Engine/Plugins/Media/MediaCompositing/Content/' was aborted.
[2018.01.10-18.07.11:321][647]LogDirectoryWatcher: A directory notification for '../../../Engine/Plugins/Runtime/AppleARKit/Content/' was aborted.
[2018.01.10-18.07.11:321][647]LogDirectoryWatcher: A directory notification for '../../../Engine/Plugins/Runtime/Oculus/OculusVR/Content/' was aborted.
[2018.01.10-18.07.11:321][647]LogDirectoryWatcher: A directory notification for '../../../Engine/Plugins/Runtime/Steam/SteamVR/Content/' was aborted.
[2018.01.10-18.07.12:229][647]LogExit: Object subsystem successfully closed.
[2018.01.10-18.07.12:439][647]LogD3D11RHI: Shutdown
[2018.01.10-18.07.12:451][647]LogD3D11RHI: CleanupD3DDevice
[2018.01.10-18.07.12:465][647]LogD3D11RHI: ~FD3D11DynamicRHI
[2018.01.10-18.07.13:134][647]LogModuleManager: Shutting down and abandoning module MovieSceneCapture (552)
[2018.01.10-18.07.13:135][647]LogModuleManager: Shutting down and abandoning module HierarchicalLODOutliner (550)
[2018.01.10-18.07.13:135][647]LogModuleManager: Shutting down and abandoning module WorldBrowser (548)
[2018.01.10-18.07.13:135][647]LogModuleManager: Shutting down and abandoning module SceneOutliner (546)
[2018.01.10-18.07.13:139][647]LogModuleManager: Shutting down and abandoning module AddContentDialog (544)
[2018.01.10-18.07.13:148][647]LogDirectoryWatcher: A directory notification for 'E:/Program Files/Epic Games/UE_4.18/FeaturePacks/' was aborted.
[2018.01.10-18.07.13:149][647]LogModuleManager: Shutting down and abandoning module WidgetCarousel (543)
[2018.01.10-18.07.13:149][647]LogModuleManager: Shutting down and abandoning module EditorWidgets (540)
[2018.01.10-18.07.13:149][647]LogModuleManager: Shutting down and abandoning module CollectionManager (538)
[2018.01.10-18.07.13:156][647]LogDirectoryWatcher: A directory notification for 'E:/Users/kannebankai/Documents/Unreal Projects/Lightning_Project-master3/Content/Collections/' was aborted.
[2018.01.10-18.07.13:157][647]LogDirectoryWatcher: A directory notification for 'E:/Users/kannebankai/Documents/Unreal Projects/Lightning_Project-master3/Content/Developers/kannebankai/Collections/' was aborted.
[2018.01.10-18.07.13:157][647]LogDirectoryWatcher: A directory notification for 'E:/Users/kannebankai/Documents/Unreal Projects/Lightning_Project-master3/Saved/Collections/' was aborted.
[2018.01.10-18.07.13:157][647]LogModuleManager: Shutting down and abandoning module StatsViewer (536)
[2018.01.10-18.07.13:161][647]LogModuleManager: Shutting down and abandoning module FoliageEdit (534)
[2018.01.10-18.07.13:161][647]LogModuleManager: Shutting down and abandoning module LandscapeEditor (532)
[2018.01.10-18.07.13:172][647]LogModuleManager: Shutting down and abandoning module MeshPaintMode (530)
[2018.01.10-18.07.13:172][647]LogModuleManager: Shutting down and abandoning module SceneDepthPickerMode (528)
[2018.01.10-18.07.13:172][647]LogModuleManager: Shutting down and abandoning module ActorPickerMode (526)
[2018.01.10-18.07.13:172][647]LogModuleManager: Shutting down and abandoning module GeometryMode (524)
[2018.01.10-18.07.13:172][647]LogModuleManager: Shutting down and abandoning module TextureAlignMode (522)
[2018.01.10-18.07.13:172][647]LogModuleManager: Shutting down and abandoning module BspMode (520)
[2018.01.10-18.07.13:172][647]LogModuleManager: Shutting down and abandoning module PIEPreviewDeviceProfileSelector (518)
[2018.01.10-18.07.13:172][647]LogModuleManager: Shutting down and abandoning module HardwareSurvey (516)
[2018.01.10-18.07.13:172][647]LogModuleManager: Shutting down and abandoning module SequenceRecorderSections (514)
[2018.01.10-18.07.13:177][647]LogModuleManager: Shutting down and abandoning module AutomationWorker (512)
[2018.01.10-18.07.13:187][647]LogModuleManager: Shutting down and abandoning module MatineeToLevelSequence (510)
[2018.01.10-18.07.13:190][647]LogModuleManager: Shutting down and abandoning module LevelSequenceEditor (508)
[2018.01.10-18.07.13:227][647]LogModuleManager: Shutting down and abandoning module PlacementMode (507)
[2018.01.10-18.07.13:227][647]LogModuleManager: Shutting down and abandoning module WmfMediaFactory (504)
[2018.01.10-18.07.13:227][647]LogModuleManager: Shutting down and abandoning module WmfMediaEditor (502)
[2018.01.10-18.07.13:227][647]LogModuleManager: Shutting down and abandoning module OpenExrWrapper (500)
[2018.01.10-18.07.13:227][647]LogModuleManager: Shutting down and abandoning module ImgMediaFactory (498)
[2018.01.10-18.07.13:227][647]LogModuleManager: Shutting down and abandoning module ImgMediaEditor (496)
[2018.01.10-18.07.13:227][647]LogModuleManager: Shutting down and abandoning module AvfMediaFactory (494)
[2018.01.10-18.07.13:227][647]LogModuleManager: Shutting down and abandoning module AvfMediaEditor (492)
[2018.01.10-18.07.13:227][647]LogModuleManager: Shutting down and abandoning module AndroidMediaFactory (490)
[2018.01.10-18.07.13:227][647]LogModuleManager: Shutting down and abandoning module AndroidMediaEditor (488)
[2018.01.10-18.07.13:227][647]LogModuleManager: Shutting down and abandoning module CharacterAI (486)
[2018.01.10-18.07.13:227][647]LogModuleManager: Shutting down and abandoning module AudioCapture (484)
[2018.01.10-18.07.13:241][647]LogModuleManager: Shutting down and abandoning module SequenceRecorder (483)
[2018.01.10-18.07.13:241][647]LogModuleManager: Shutting down and abandoning module SmartSnapping (480)
[2018.01.10-18.07.13:241][647]LogModuleManager: Shutting down and abandoning module SessionServices (478)
[2018.01.10-18.07.13:241][647]LogModuleManager: Shutting down and abandoning module ViewportSnapping (476)
[2018.01.10-18.07.13:241][647]LogModuleManager: Shutting down and abandoning module ViewportInteraction (474)
[2018.01.10-18.07.13:241][647]LogModuleManager: Shutting down and abandoning module ClothPainter (472)
[2018.01.10-18.07.13:257][647]LogModuleManager: Shutting down and abandoning module SkeletalMeshEditor (471)
[2018.01.10-18.07.13:268][647]LogModuleManager: Shutting down and abandoning module LogVisualizer (468)
[2018.01.10-18.07.13:269][647]LogModuleManager: Shutting down and abandoning module IntroTutorials (466)
[2018.01.10-18.07.13:321][647]LogModuleManager: Shutting down and abandoning module GameProjectGeneration (465)
[2018.01.10-18.07.13:351][647]LogModuleManager: Shutting down and abandoning module IOSPlatformEditor (462)
[2018.01.10-18.07.13:351][647]LogModuleManager: Shutting down and abandoning module HTML5PlatformEditor (460)
[2018.01.10-18.07.13:351][647]LogModuleManager: Shutting down and abandoning module AndroidPlatformEditor (458)
[2018.01.10-18.07.13:351][647]LogModuleManager: Shutting down and abandoning module AndroidDeviceDetection (457)
[2018.01.10-18.07.14:252][647]LogModuleManager: Shutting down and abandoning module WindowsPlatformEditor (454)
[2018.01.10-18.07.14:252][647]LogModuleManager: Shutting down and abandoning module IOSRuntimeSettings (452)
[2018.01.10-18.07.14:252][647]LogModuleManager: Shutting down and abandoning module AndroidRuntimeSettings (450)
[2018.01.10-18.07.14:252][647]LogModuleManager: Shutting down and abandoning module InputBindingEditor (448)
[2018.01.10-18.07.14:252][647]LogModuleManager: Shutting down and abandoning module MergeActors (446)
[2018.01.10-18.07.14:266][647]LogModuleManager: Shutting down and abandoning module SizeMap (444)
[2018.01.10-18.07.14:266][647]LogModuleManager: Shutting down and abandoning module TreeMap (442)
[2018.01.10-18.07.14:267][647]LogModuleManager: Shutting down and abandoning module ReferenceViewer (440)
[2018.01.10-18.07.14:267][647]LogModuleManager: Shutting down and abandoning module LocalizationDashboard (438)
[2018.01.10-18.07.14:276][647]LogModuleManager: Shutting down and abandoning module LocalizationService (437)
[2018.01.10-18.07.14:285][647]LogModuleManager: Shutting down and abandoning module HardwareTargeting (434)
[2018.01.10-18.07.14:285][647]LogModuleManager: Shutting down and abandoning module DeviceProfileEditor (432)
[2018.01.10-18.07.14:285][647]LogModuleManager: Shutting down and abandoning module UndoHistory (430)
[2018.01.10-18.07.14:285][647]LogModuleManager: Shutting down and abandoning module XmlParser (428)
[2018.01.10-18.07.14:286][647]LogModuleManager: Shutting down and abandoning module Blutility (426)
[2018.01.10-18.07.14:286][647]LogModuleManager: Shutting down and abandoning module ProjectSettingsViewer (424)
[2018.01.10-18.07.14:287][647]LogModuleManager: Shutting down and abandoning module ProjectTargetPlatformEditor (423)
[2018.01.10-18.07.14:288][647]LogModuleManager: Shutting down and abandoning module EditorSettingsViewer (420)
[2018.01.10-18.07.14:288][647]LogModuleManager: Shutting down and abandoning module SettingsEditor (418)
[2018.01.10-18.07.14:300][647]LogModuleManager: Shutting down and abandoning module ProjectLauncher (416)
[2018.01.10-18.07.14:308][647]LogModuleManager: Shutting down and abandoning module SessionFrontend (414)
[2018.01.10-18.07.14:318][647]LogModuleManager: Shutting down and abandoning module ProfilerClient (412)
[2018.01.10-18.07.14:318][647]LogModuleManager: Shutting down and abandoning module DeviceManager (410)
[2018.01.10-18.07.14:330][647]LogModuleManager: Shutting down and abandoning module TargetDeviceServices (409)
[2018.01.10-18.07.14:399][647]LogModuleManager: Shutting down and abandoning module AutomationController (406)
[2018.01.10-18.07.14:407][647]LogModuleManager: Shutting down and abandoning module AutomationWindow (404)
[2018.01.10-18.07.14:440][647]LogModuleManager: Shutting down and abandoning module Layers (402)
[2018.01.10-18.07.14:491][647]LogModuleManager: Shutting down and abandoning module ComponentVisualizers (400)
[2018.01.10-18.07.14:491][647]LogModuleManager: Shutting down and abandoning module DetailCustomizations (398)
[2018.01.10-18.07.14:516][647]LogModuleManager: Shutting down and abandoning module PackagesDialog (396)
[2018.01.10-18.07.14:526][647]LogModuleManager: Shutting down and abandoning module Persona (394)
[2018.01.10-18.07.14:554][647]LogModuleManager: Shutting down and abandoning module AdvancedPreviewScene (393)
[2018.01.10-18.07.14:554][647]LogModuleManager: Shutting down and abandoning module AnimGraph (391)
[2018.01.10-18.07.14:554][647]LogModuleManager: Shutting down and abandoning module Kismet (388)
[2018.01.10-18.07.14:573][647]LogModuleManager: Shutting down and abandoning module ClassViewer (386)
[2018.01.10-18.07.14:573][647]LogModuleManager: Shutting down and abandoning module Toolbox (384)
[2018.01.10-18.07.14:573][647]LogModuleManager: Shutting down and abandoning module ModuleUI (382)
[2018.01.10-18.07.14:573][647]LogModuleManager: Shutting down and abandoning module MovieSceneTools (380)
[2018.01.10-18.07.14:589][647]LogModuleManager: Shutting down and abandoning module OutputLog (378)
[2018.01.10-18.07.14:608][647]LogModuleManager: Shutting down and abandoning module GammaUI (376)
[2018.01.10-18.07.14:619][647]LogModuleManager: Shutting down and abandoning module Documentation (374)
[2018.01.10-18.07.14:619][647]LogModuleManager: Shutting down and abandoning module MovieSceneTracks (372)
[2018.01.10-18.07.14:619][647]LogModuleManager: Shutting down and abandoning module MovieScene (370)
[2018.01.10-18.07.14:619][647]LogModuleManager: Shutting down and abandoning module StreamingPauseRendering (368)
[2018.01.10-18.07.14:619][647]LogModuleManager: Shutting down and abandoning module LauncherPlatform (366)
[2018.01.10-18.07.14:619][647]LogModuleManager: Shutting down and abandoning module AnalyticsET (364)
[2018.01.10-18.07.14:619][647]LogModuleManager: Shutting down and abandoning module PortalServices (362)
[2018.01.10-18.07.14:619][647]LogModuleManager: Shutting down and abandoning module PortalRpc (360)
[2018.01.10-18.07.14:619][647]LogModuleManager: Shutting down and abandoning module MessagingRpc (358)
[2018.01.10-18.07.14:619][647]LogModuleManager: Shutting down and abandoning module AIModule (356)
[2018.01.10-18.07.14:619][647]LogModuleManager: Shutting down and abandoning module GameplayDebugger (355)
[2018.01.10-18.07.14:619][647]LogModuleManager: Shutting down and abandoning module AITestSuite (353)
[2018.01.10-18.07.14:629][647]LogModuleManager: Shutting down and abandoning module DesktopPlatform (350)
[2018.01.10-18.07.14:629][647]LogModuleManager: Shutting down and abandoning module ProfilerService (348)
[2018.01.10-18.07.14:670][647]LogModuleManager: Shutting down and abandoning module TaskGraph (346)
[2018.01.10-18.07.14:689][647]LogModuleManager: Shutting down and abandoning module SteamVRController (344)
[2018.01.10-18.07.14:689][647]LogModuleManager: Shutting down and abandoning module ProceduralMeshComponentEditor (342)
[2018.01.10-18.07.14:689][647]LogModuleManager: Shutting down and abandoning module ProceduralMeshComponent (340)
[2018.01.10-18.07.14:689][647]LogModuleManager: Shutting down and abandoning module OculusInput (338)
[2018.01.10-18.07.14:701][647]LogModuleManager: Shutting down and abandoning module MobilePatchingUtils (336)
[2018.01.10-18.07.14:701][647]LogModuleManager: Shutting down and abandoning module CustomMeshComponent (334)
[2018.01.10-18.07.14:701][647]LogModuleManager: Shutting down and abandoning module CableComponent (332)
[2018.01.10-18.07.14:717][647]LogModuleManager: Shutting down and abandoning module ArchVisCharacter (330)
[2018.01.10-18.07.14:717][647]LogModuleManager: Shutting down and abandoning module AndroidPermission (328)
[2018.01.10-18.07.14:717][647]LogModuleManager: Shutting down and abandoning module ActorSequence (324)
[2018.01.10-18.07.14:717][647]LogModuleManager: Shutting down and abandoning module MediaPlayerEditor (322)
[2018.01.10-18.07.14:748][647]LogModuleManager: Shutting down and abandoning module MediaCompositingEditor (320)
[2018.01.10-18.07.14:748][647]LogModuleManager: Shutting down and abandoning module MediaCompositing (318)
[2018.01.10-18.07.14:748][647]LogModuleManager: Shutting down and abandoning module HTML5Networking (316)
[2018.01.10-18.07.14:748][647]LogModuleManager: Shutting down and abandoning module AlembicImporter (314)
[2018.01.10-18.07.14:759][647]LogModuleManager: Shutting down and abandoning module AlembicLibrary (313)
[2018.01.10-18.07.14:759][647]LogModuleManager: Shutting down and abandoning module GeometryCache (312)
[2018.01.10-18.07.14:775][647]LogModuleManager: Shutting down and abandoning module GeometryCacheEd (311)
[2018.01.10-18.07.14:775][647]LogModuleManager: Shutting down and abandoning module SpeedTreeImporter (306)
[2018.01.10-18.07.14:775][647]LogModuleManager: Shutting down and abandoning module PluginBrowser (304)
[2018.01.10-18.07.14:788][647]LogModuleManager: Shutting down and abandoning module MobileLauncherProfileWizard (302)
[2018.01.10-18.07.14:794][647]LogModuleManager: Shutting down and abandoning module VisualStudioSourceCodeAccess (300)
[2018.01.10-18.07.14:795][647]LogModuleManager: Shutting down and abandoning module VisualStudioCodeSourceCodeAccess (298)
[2018.01.10-18.07.14:795][647]LogModuleManager: Shutting down and abandoning module UObjectPlugin (296)
[2018.01.10-18.07.14:795][647]LogModuleManager: Shutting down and abandoning module SubversionSourceControl (294)
[2018.01.10-18.07.14:810][647]LogModuleManager: Shutting down and abandoning module PerforceSourceControl (292)
[2018.01.10-18.07.14:835][647]LogModuleManager: Shutting down and abandoning module GitSourceControl (290)
[2018.01.10-18.07.14:858][647]LogModuleManager: Shutting down and abandoning module SourceControl (289)
[2018.01.10-18.07.14:866][647]LogModuleManager: Shutting down and abandoning module LightPropagationVolumeEditor (286)
[2018.01.10-18.07.14:866][647]LogModuleManager: Shutting down and abandoning module PaperTiledImporter (284)
[2018.01.10-18.07.14:866][647]LogModuleManager: Shutting down and abandoning module PaperSpriteSheetImporter (282)
[2018.01.10-18.07.14:866][647]LogModuleManager: Shutting down and abandoning module Paper2DEditor (280)
[2018.01.10-18.07.14:875][647]LogModuleManager: Shutting down and abandoning module MeshPaint (279)
[2018.01.10-18.07.14:876][647]LogModuleManager: Shutting down and abandoning module LevelEditor (277)
[2018.01.10-18.07.14:887][647]LogModuleManager: Shutting down and abandoning module PixelInspectorModule (276)
[2018.01.10-18.07.14:901][647]LogModuleManager: Shutting down and abandoning module MainFrame (274)
[2018.01.10-18.07.14:913][647]LogModuleManager: Shutting down and abandoning module HotReload (273)
[2018.01.10-18.07.14:935][647]LogModuleManager: Shutting down and abandoning module RuntimePhysXCooking (268)
[2018.01.10-18.07.14:935][647]LogModuleManager: Shutting down and abandoning module PhysXVehiclesEditor (266)
[2018.01.10-18.07.14:936][647]LogModuleManager: Shutting down and abandoning module PhysXVehicles (264)
[2018.01.10-18.07.14:936][647]LogModuleManager: Shutting down and abandoning module OculusEditor (262)
[2018.01.10-18.07.14:936][647]LogModuleManager: Shutting down and abandoning module LocationServicesBPLibrary (260)
[2018.01.10-18.07.14:936][647]LogModuleManager: Shutting down and abandoning module ImmediatePhysicsEditor (258)
[2018.01.10-18.07.14:936][647]LogModuleManager: Shutting down and abandoning module ImmediatePhysics (256)
[2018.01.10-18.07.14:948][647]LogModuleManager: Shutting down and abandoning module UdpMessaging (254)
[2018.01.10-18.07.15:057][647]LogModuleManager: Shutting down and abandoning module TcpMessaging (252)
[2018.01.10-18.07.15:170][647]LogModuleManager: Shutting down and abandoning module GameplayTagsEditor (250)
[2018.01.10-18.07.15:171][647]LogModuleManager: Shutting down and abandoning module FacialAnimationEditor (248)
[2018.01.10-18.07.15:171][647]LogModuleManager: Shutting down and abandoning module FacialAnimation (246)
[2018.01.10-18.07.15:171][647]LogModuleManager: Shutting down and abandoning module AssetManagerEditor (244)
[2018.01.10-18.07.15:178][647]LogModuleManager: Shutting down and abandoning module GraphEditor (243)
[2018.01.10-18.07.15:235][647]LogModuleManager: Shutting down and abandoning module ContentBrowser (241)
[2018.01.10-18.07.15:236][647]LogModuleManager: Shutting down and abandoning module LightPropagationVolumeRuntime (238)
[2018.01.10-18.07.15:236][647]LogModuleManager: Shutting down and abandoning module Paper2D (236)
[2018.01.10-18.07.15:236][647]LogModuleManager: Shutting down and abandoning module WindowsMoviePlayer (234)
[2018.01.10-18.07.15:250][647]LogModuleManager: Shutting down and abandoning module WmfMedia (232)
[2018.01.10-18.07.15:254][647]LogModuleManager: Shutting down and abandoning module ImgMedia (230)
[2018.01.10-18.07.15:254][647]LogModuleManager: Shutting down and abandoning module PacketHandler (228)
[2018.01.10-18.07.15:254][647]LogModuleManager: Shutting down and abandoning module ClothingSystemEditor (226)
[2018.01.10-18.07.15:254][647]LogModuleManager: Shutting down and abandoning module ClothingSystemRuntime (224)
[2018.01.10-18.07.15:269][647]LogModuleManager: Shutting down and abandoning module MediaAssets (222)
[2018.01.10-18.07.15:269][647]LogModuleManager: Shutting down and abandoning module Media (221)
[2018.01.10-18.07.15:274][647]LogModuleManager: Shutting down and abandoning module Overlay (218)
[2018.01.10-18.07.15:275][647]LogModuleManager: Shutting down and abandoning module OverlayEditor (217)
[2018.01.10-18.07.15:275][647]LogModuleManager: Shutting down and abandoning module VREditor (214)
[2018.01.10-18.07.15:295][647]LogModuleManager: Shutting down and abandoning module StringTableEditor (212)
[2018.01.10-18.07.15:312][647]LogModuleManager: Shutting down and abandoning module GameplayTasksEditor (210)
[2018.01.10-18.07.15:312][647]LogModuleManager: Shutting down and abandoning module BehaviorTreeEditor (208)
[2018.01.10-18.07.15:342][647]LogModuleManager: Shutting down and abandoning module FunctionalTesting (206)
[2018.01.10-18.07.15:347][647]LogModuleManager: Shutting down and abandoning module CollisionAnalyzer (204)
[2018.01.10-18.07.15:351][647]LogModuleManager: Shutting down and abandoning module WorkspaceMenuStructure (203)
[2018.01.10-18.07.15:351][647]LogModuleManager: Shutting down and abandoning module UMG (200)
[2018.01.10-18.07.15:363][647]LogModuleManager: Shutting down and abandoning module UMGEditor (199)
[2018.01.10-18.07.15:421][647]LogModuleManager: Shutting down and abandoning module Sequencer (198)
[2018.01.10-18.07.15:448][647]LogModuleManager: Shutting down and abandoning module MessageLog (195)
[2018.01.10-18.07.15:448][647]LogModuleManager: Shutting down and abandoning module SlateReflector (190)
[2018.01.10-18.07.15:473][647]LogModuleManager: Shutting down and abandoning module Slate (188)
[2018.01.10-18.07.15:473][647]LogModuleManager: Shutting down and abandoning module EditorStyle (186)
[2018.01.10-18.07.15:474][647]LogModuleManager: Shutting down and abandoning module MRMesh (184)
[2018.01.10-18.07.15:474][647]LogModuleManager: Shutting down and abandoning module SourceCodeAccess (182)
[2018.01.10-18.07.15:474][647]LogModuleManager: Shutting down and abandoning module HeadMountedDisplay (180)
[2018.01.10-18.07.15:474][647]LogModuleManager: Shutting down and abandoning module XAudio2 (178)
[2018.01.10-18.07.15:474][647]LogModuleManager: Shutting down and abandoning module Networking (176)
[2018.01.10-18.07.15:474][647]LogModuleManager: Shutting down and abandoning module Core (172)
[2018.01.10-18.07.15:474][647]LogModuleManager: Shutting down and abandoning module LevelSequence (168)
[2018.01.10-18.07.15:478][647]LogModuleManager: Shutting down and abandoning module DirectoryWatcher (166)
[2018.01.10-18.07.15:480][647]LogModuleManager: Shutting down and abandoning module KismetCompiler (164)
[2018.01.10-18.07.15:480][647]LogModuleManager: Shutting down and abandoning module MeshUtilities (162)
[2018.01.10-18.07.15:493][647]LogModuleManager: Shutting down and abandoning module MeshMergeUtilities (161)
[2018.01.10-18.07.15:509][647]LogModuleManager: Shutting down and abandoning module MeshReductionInterface (160)
[2018.01.10-18.07.15:509][647]LogModuleManager: Shutting down and abandoning module SimplygonSwarm (159)
[2018.01.10-18.07.15:514][647]LogModuleManager: Shutting down and abandoning module SimplygonMeshReduction (157)
[2018.01.10-18.07.15:514][647]LogModuleManager: Shutting down and abandoning module QuadricMeshReduction (155)
[2018.01.10-18.07.15:524][647]LogModuleManager: Shutting down and abandoning module MaterialBaking (151)
[2018.01.10-18.07.15:531][647]LogModuleManager: Shutting down and abandoning module DerivedDataCache (148)
[2018.01.10-18.07.15:605][647]LogDerivedDataCache: Shutdown
[2018.01.10-18.07.15:605][647]LogModuleManager: Shutting down and abandoning module TargetPlatform (146)
[2018.01.10-18.07.15:605][647]LogModuleManager: Shutting down and abandoning module VulkanShaderFormat (145)
[2018.01.10-18.07.15:616][647]LogModuleManager: Shutting down and abandoning module ShaderFormatVectorVM (143)
[2018.01.10-18.07.15:631][647]LogModuleManager: Shutting down and abandoning module ShaderFormatOpenGL (141)
[2018.01.10-18.07.15:642][647]LogModuleManager: Shutting down and abandoning module ShaderFormatD3D (139)
[2018.01.10-18.07.15:654][647]LogModuleManager: Shutting down and abandoning module MetalShaderFormat (137)
[2018.01.10-18.07.15:667][647]LogModuleManager: Shutting down and abandoning module TextureFormatUncompressed (135)
[2018.01.10-18.07.15:667][647]LogModuleManager: Shutting down and abandoning module TextureFormatPVR (133)
[2018.01.10-18.07.15:667][647]LogModuleManager: Shutting down and abandoning module TextureFormatDXT (131)
[2018.01.10-18.07.15:675][647]LogModuleManager: Shutting down and abandoning module TextureFormatIntelISPCTexComp (129)
[2018.01.10-18.07.15:686][647]LogModuleManager: Shutting down and abandoning module TextureFormatASTC (127)
[2018.01.10-18.07.15:686][647]LogModuleManager: Shutting down and abandoning module ImageWrapper (126)
[2018.01.10-18.07.15:686][647]LogModuleManager: Shutting down and abandoning module TextureFormatAndroid (123)
[2018.01.10-18.07.15:686][647]LogModuleManager: Shutting down and abandoning module AudioFormatOpus (121)
[2018.01.10-18.07.15:686][647]LogModuleManager: Shutting down and abandoning module AudioFormatOgg (119)
[2018.01.10-18.07.15:686][647]LogModuleManager: Shutting down and abandoning module AudioFormatADPCM (117)
[2018.01.10-18.07.15:686][647]LogModuleManager: Shutting down and abandoning module LinuxTargetPlatform (115)
[2018.01.10-18.07.15:686][647]LogModuleManager: Shutting down and abandoning module LinuxServerTargetPlatform (113)
[2018.01.10-18.07.15:686][647]LogModuleManager: Shutting down and abandoning module LinuxNoEditorTargetPlatform (111)
[2018.01.10-18.07.15:686][647]LogModuleManager: Shutting down and abandoning module LinuxClientTargetPlatform (109)
[2018.01.10-18.07.15:686][647]LogModuleManager: Shutting down and abandoning module TVOSTargetPlatform (107)
[2018.01.10-18.07.15:686][647]LogModuleManager: Shutting down and abandoning module Messaging (105)
[2018.01.10-18.07.15:686][647]LogModuleManager: Shutting down and abandoning module IOSTargetPlatform (103)
[2018.01.10-18.07.15:686][647]LogModuleManager: Shutting down and abandoning module HTML5TargetPlatform (101)
[2018.01.10-18.07.15:686][647]LogModuleManager: Shutting down and abandoning module AndroidTargetPlatform (99)
[2018.01.10-18.07.15:686][647]LogModuleManager: Shutting down and abandoning module Android_PVRTCTargetPlatform (97)
[2018.01.10-18.07.15:686][647]LogModuleManager: Shutting down and abandoning module Android_MultiTargetPlatform (95)
[2018.01.10-18.07.15:687][647]LogModuleManager: Shutting down and abandoning module Android_ETC2TargetPlatform (93)
[2018.01.10-18.07.15:687][647]LogModuleManager: Shutting down and abandoning module Android_ETC1TargetPlatform (91)
[2018.01.10-18.07.15:687][647]LogModuleManager: Shutting down and abandoning module Android_DXTTargetPlatform (89)
[2018.01.10-18.07.15:687][647]LogModuleManager: Shutting down and abandoning module Android_ATCTargetPlatform (87)
[2018.01.10-18.07.15:687][647]LogModuleManager: Shutting down and abandoning module Android_ASTCTargetPlatform (85)
[2018.01.10-18.07.15:687][647]LogModuleManager: Shutting down and abandoning module WindowsTargetPlatform (83)
[2018.01.10-18.07.15:687][647]LogModuleManager: Shutting down and abandoning module WindowsServerTargetPlatform (81)
[2018.01.10-18.07.15:687][647]LogModuleManager: Shutting down and abandoning module WindowsNoEditorTargetPlatform (79)
[2018.01.10-18.07.15:687][647]LogModuleManager: Shutting down and abandoning module WindowsClientTargetPlatform (77)
[2018.01.10-18.07.15:687][647]LogModuleManager: Shutting down and abandoning module MacTargetPlatform (75)
[2018.01.10-18.07.15:687][647]LogModuleManager: Shutting down and abandoning module MacServerTargetPlatform (73)
[2018.01.10-18.07.15:687][647]LogModuleManager: Shutting down and abandoning module MacNoEditorTargetPlatform (71)
[2018.01.10-18.07.15:687][647]LogModuleManager: Shutting down and abandoning module MacClientTargetPlatform (69)
[2018.01.10-18.07.15:687][647]LogModuleManager: Shutting down and abandoning module AllDesktopTargetPlatform (67)
[2018.01.10-18.07.15:687][647]LogModuleManager: Shutting down and abandoning module InputCore (64)
[2018.01.10-18.07.15:687][647]LogModuleManager: Shutting down and abandoning module Settings (62)
[2018.01.10-18.07.15:687][647]LogModuleManager: Shutting down and abandoning module PhysXCooking (60)
[2018.01.10-18.07.15:687][647]LogModuleManager: Shutting down and abandoning module SteamVR (58)
[2018.01.10-18.07.15:687][647]LogModuleManager: Shutting down and abandoning module OculusHMD (56)
[2018.01.10-18.07.15:700][647]LogModuleManager: Shutting down and abandoning module ExampleDeviceProfileSelector (54)
[2018.01.10-18.07.15:700][647]LogModuleManager: Shutting down and abandoning module AppleARKit (52)
[2018.01.10-18.07.15:700][647]LogModuleManager: Shutting down and abandoning module AugmentedReality (51)
[2018.01.10-18.07.15:700][647]LogModuleManager: Shutting down and abandoning module OnlineBlueprintSupport (48)
[2018.01.10-18.07.15:700][647]LogModuleManager: Shutting down and abandoning module OnlineSubsystem (44)
[2018.01.10-18.07.15:722][647]LogModuleManager: Shutting down and abandoning module XMPP (43)
[2018.01.10-18.07.15:738][647]LogModuleManager: Shutting down and abandoning module HTTP (41)
[2018.01.10-18.07.15:738][647]LogHttp: Display: Http module shutting down, but needs to wait on 1 outstanding Http requests:
[2018.01.10-18.07.15:743][647]LogHttp: Display: 	verb=[POST] url=[https://datarouter.ol.epicgames.com/datarouter/api/v1/public/data?SessionID=%7BE8958A0F-48DD-AE86-7FCC-358A7CDECDC7%7D&AppID=UEEditor.Rocket.Release&AppVersion=4.18.2-3794801%2B%2B%2BUE4%2BRelease-4.18&UserID=12db03274769d562807defa37c7bd01b%7C9dde603d858d4f17b76d6698c76313b3%7Cbaba7ce6-d68d-4600-8af3-6a576f0d7b1b&AppEnvironment=datacollector-binary&UploadType=eteventstream] status=Processing
[2018.01.10-18.07.15:763][647]LogModuleManager: Shutting down and abandoning module SSL (40)
[2018.01.10-18.07.15:769][647]LogModuleManager: Shutting down and abandoning module AnimationModifiers (36)
[2018.01.10-18.07.15:782][647]LogModuleManager: Shutting down and abandoning module PropertyEditor (35)
[2018.01.10-18.07.15:782][647]LogModuleManager: Shutting down and abandoning module AudioEditor (32)
[2018.01.10-18.07.15:793][647]LogModuleManager: Shutting down and abandoning module TextureCompressor (30)
[2018.01.10-18.07.15:804][647]LogModuleManager: Shutting down and abandoning module ShaderCore (28)
[2018.01.10-18.07.15:804][647]LogModuleManager: Shutting down and abandoning module Landscape (26)
[2018.01.10-18.07.15:804][647]LogModuleManager: Shutting down and abandoning module SlateRHIRenderer (24)
[2018.01.10-18.07.15:814][647]LogModuleManager: Shutting down and abandoning module OpenGLDrv (22)
[2018.01.10-18.07.15:834][647]LogModuleManager: Shutting down and abandoning module D3D11RHI (20)
[2018.01.10-18.07.15:834][647]LogModuleManager: Shutting down and abandoning module AnimGraphRuntime (18)
[2018.01.10-18.07.15:855][647]LogModuleManager: Shutting down and abandoning module Renderer (16)
[2018.01.10-18.07.15:855][647]LogModuleManager: Shutting down and abandoning module Engine (14)
[2018.01.10-18.07.15:855][647]LogModuleManager: Shutting down and abandoning module CoreUObject (12)
[2018.01.10-18.07.15:855][647]LogModuleManager: Shutting down and abandoning module NetworkFile (10)
[2018.01.10-18.07.15:862][647]LogModuleManager: Shutting down and abandoning module CookedIterativeFile (8)
[2018.01.10-18.07.15:862][647]LogModuleManager: Shutting down and abandoning module StreamingFile (6)
[2018.01.10-18.07.15:868][647]LogModuleManager: Shutting down and abandoning module SandboxFile (4)
[2018.01.10-18.07.15:868][647]LogModuleManager: Shutting down and abandoning module PakFile (2)
[2018.01.10-18.07.15:898][647]LogExit: Exiting.
[2018.01.10-18.07.15:911][647]Log file closed, 01/10/18 19:07:15
